#
# There is insufficient memory for the Java Runtime Environment to continue.
# Native memory allocation (mmap) failed to map 61865984 bytes for committing reserved memory.
# Possible reasons:
#   The system is out of physical RAM or swap space
#   The process is running with CompressedOops enabled, and the Java Heap may be blocking the growth of the native heap
# Possible solutions:
#   Reduce memory load on the system
#   Increase physical memory or swap space
#   Check if swap backing store is full
#   Decrease Java heap size (-Xmx/-Xms)
#   Decrease number of Java threads
#   Decrease Java thread stack sizes (-Xss)
#   Set larger code cache with -XX:ReservedCodeCacheSize=
#   JVM is running with Unscaled Compressed Oops mode in which the Java heap is
#     placed in the first 4GB address space. The Java Heap base address is the
#     maximum limit for the native heap growth. Please use -XX:HeapBaseMinAddress
#     to set the Java Heap base and to place the Java Heap above 4GB virtual address.
# This output file may be truncated or incomplete.
#
#  Out of Memory Error (os_linux.cpp:2757), pid=17129, tid=0x00007fbf801f9700
#
# JRE version: OpenJDK Runtime Environment (8.0_222-b10) (build 1.8.0_222-8u222-b10-1ubuntu1~18.04.1-b10)
# Java VM: OpenJDK 64-Bit Server VM (25.222-b10 mixed mode linux-amd64 compressed oops)
# Failed to write core dump. Core dumps have been disabled. To enable core dumping, try "ulimit -c unlimited" before starting Java again
#

---------------  T H R E A D  ---------------

Current thread (0x00007fbf90075000):  VMThread [stack: 0x00007fbf800fa000,0x00007fbf801fa000] [id=17157]

Stack: [0x00007fbf800fa000,0x00007fbf801fa000],  sp=0x00007fbf801f8460,  free space=1017k
Native frames: (J=compiled Java code, j=interpreted, Vv=VM code, C=native code)
V  [libjvm.so+0xab8992]
V  [libjvm.so+0x4dbfd7]
V  [libjvm.so+0x8f33a0]
V  [libjvm.so+0x8ea46e]
V  [libjvm.so+0x96e106]
V  [libjvm.so+0x95cdaa]
V  [libjvm.so+0x95cf78]
V  [libjvm.so+0x95db80]
V  [libjvm.so+0x963f1c]
V  [libjvm.so+0x96bfd5]
V  [libjvm.so+0x91a5a8]
V  [libjvm.so+0xaba662]
V  [libjvm.so+0xabf1d6]
V  [libjvm.so+0xabd4d5]
V  [libjvm.so+0xabddad]
V  [libjvm.so+0xabe1b8]
V  [libjvm.so+0x8f0732]

VM_Operation (0x00007fbf9a63e680): ParallelGCFailedAllocation, mode: safepoint, requested by thread 0x00007fbf9000b800


---------------  P R O C E S S  ---------------

Java Threads: ( => current thread )
  0x00007fbf900bb000 JavaThread "Service Thread" daemon [_thread_blocked, id=17163, stack(0x00007fbf7302b000,0x00007fbf7312c000)]
  0x00007fbf900b8800 JavaThread "C1 CompilerThread1" daemon [_thread_blocked, id=17162, stack(0x00007fbf7312d000,0x00007fbf7322d000)]
  0x00007fbf900b5800 JavaThread "C2 CompilerThread0" daemon [_thread_blocked, id=17161, stack(0x00007fbf7322e000,0x00007fbf7332e000)]
  0x00007fbf900b4000 JavaThread "Signal Dispatcher" daemon [_thread_blocked, id=17160, stack(0x00007fbf7332e000,0x00007fbf7342f000)]
  0x00007fbf90081800 JavaThread "Finalizer" daemon [_thread_blocked, id=17159, stack(0x00007fbf73dfe000,0x00007fbf73eff000)]
  0x00007fbf9007f000 JavaThread "Reference Handler" daemon [_thread_blocked, id=17158, stack(0x00007fbf73eff000,0x00007fbf74000000)]
  0x00007fbf9000b800 JavaThread "main" [_thread_blocked, id=17154, stack(0x00007fbf9a543000,0x00007fbf9a643000)]

Other Threads:
=>0x00007fbf90075000 VMThread [stack: 0x00007fbf800fa000,0x00007fbf801fa000] [id=17157]
  0x00007fbf900bd800 WatcherThread [stack: 0x00007fbf72f2b000,0x00007fbf7302b000] [id=17164]

VM state:at safepoint (normal execution)

VM Mutex/Monitor currently owned by a thread:  ([mutex/lock_event])
[0x00007fbf90007980] ExpandHeap_lock - owner thread: 0x00007fbf90075000
[0x00007fbf90008000] Threads_lock - owner thread: 0x00007fbf90075000
[0x00007fbf90008500] Heap_lock - owner thread: 0x00007fbf9000b800

heap address: 0x00000000c3c00000, size: 964 MB, Compressed Oops mode: 32-bit
Narrow klass base: 0x0000000000000000, Narrow klass shift: 3
Compressed class space size: 1073741824 Address: 0x0000000100000000

Heap:
 PSYoungGen      total 271872K, used 11203K [0x00000000ebf00000, 0x0000000100000000, 0x0000000100000000)
  eden space 252416K, 0% used [0x00000000ebf00000,0x00000000ebf00000,0x00000000fb580000)
  from space 19456K, 57% used [0x00000000fb580000,0x00000000fc070e10,0x00000000fc880000)
  to   space 34816K, 0% used [0x00000000fde00000,0x00000000fde00000,0x0000000100000000)
 ParOldGen       total 65024K, used 64643K [0x00000000c3c00000, 0x00000000c7b80000, 0x00000000ebf00000)
  object space 65024K, 99% used [0x00000000c3c00000,0x00000000c7b20e90,0x00000000c7b80000)
 Metaspace       used 28825K, capacity 29880K, committed 30080K, reserved 1075200K
  class space    used 3151K, capacity 3359K, committed 3456K, reserved 1048576K

Card table byte_map: [0x00007fbf968f6000,0x00007fbf96ad9000] byte_map_base: 0x00007fbf962d8000

Marking Bits: (ParMarkBitMap*) 0x00007fbf997d8360
 Begin Bits: [0x00007fbf94792000, 0x00007fbf956a2000)
 End Bits:   [0x00007fbf956a2000, 0x00007fbf965b2000)

Polling page: 0x00007fbf9a659000

CodeCache: size=245760Kb used=23189Kb max_used=23189Kb free=222570Kb
 bounds [0x00007fbf81000000, 0x00007fbf826c0000, 0x00007fbf90000000]
 total_blobs=7063 nmethods=6672 adapters=306
 compilation: enabled

Compilation events (10 events):
Event: 22,759 Thread 0x00007fbf900b8800 7606       2       com.sun.tools.javac.comp.DeferredAttr$DeferredType::getTag (4 bytes)
Event: 22,759 Thread 0x00007fbf900b8800 nmethod 7606 0x00007fbf826b86d0 code [0x00007fbf826b8820, 0x00007fbf826b8970]
Event: 22,762 Thread 0x00007fbf900b8800 7607       2       com.sun.tools.javac.comp.Flow$FlowAnalyzer::isExceptionOrThrowable (46 bytes)
Event: 22,763 Thread 0x00007fbf900b8800 nmethod 7607 0x00007fbf826b8a10 code [0x00007fbf826b8b80, 0x00007fbf826b8d30]
Event: 22,766 Thread 0x00007fbf900b8800 7608       2       java.net.URI::defineSchemeSpecificPart (63 bytes)
Event: 22,766 Thread 0x00007fbf900b8800 nmethod 7608 0x00007fbf826b8e90 code [0x00007fbf826b9040, 0x00007fbf826b9718]
Event: 22,766 Thread 0x00007fbf900b8800 7609       2       com.sun.tools.javac.jvm.ClassWriter::writeEnclosingMethodAttribute (132 bytes)
Event: 22,767 Thread 0x00007fbf900b8800 nmethod 7609 0x00007fbf826b9990 code [0x00007fbf826b9b80, 0x00007fbf826b9fd8]
Event: 22,797 Thread 0x00007fbf900b8800 7611       2       com.sun.tools.javac.comp.Check::checkCompatibleConcretes (424 bytes)
Event: 22,799 Thread 0x00007fbf900b8800 nmethod 7611 0x00007fbf826ba510 code [0x00007fbf826ba880, 0x00007fbf826bb928]

GC Heap History (10 events):
Event: 10,268 GC heap after
Heap after GC invocations=10 (full 0):
 PSYoungGen      total 209920K, used 6823K [0x00000000ebf00000, 0x00000000f9a00000, 0x0000000100000000)
  eden space 197632K, 0% used [0x00000000ebf00000,0x00000000ebf00000,0x00000000f8000000)
  from space 12288K, 55% used [0x00000000f8e00000,0x00000000f94a9ee8,0x00000000f9a00000)
  to   space 13312K, 0% used [0x00000000f8000000,0x00000000f8000000,0x00000000f8d00000)
 ParOldGen       total 42496K, used 21704K [0x00000000c3c00000, 0x00000000c6580000, 0x00000000ebf00000)
  object space 42496K, 51% used [0x00000000c3c00000,0x00000000c5132278,0x00000000c6580000)
 Metaspace       used 20516K, capacity 21194K, committed 21248K, reserved 1069056K
  class space    used 2369K, capacity 2559K, committed 2560K, reserved 1048576K
}
Event: 10,268 GC heap before
{Heap before GC invocations=11 (full 1):
 PSYoungGen      total 209920K, used 6823K [0x00000000ebf00000, 0x00000000f9a00000, 0x0000000100000000)
  eden space 197632K, 0% used [0x00000000ebf00000,0x00000000ebf00000,0x00000000f8000000)
  from space 12288K, 55% used [0x00000000f8e00000,0x00000000f94a9ee8,0x00000000f9a00000)
  to   space 13312K, 0% used [0x00000000f8000000,0x00000000f8000000,0x00000000f8d00000)
 ParOldGen       total 42496K, used 21704K [0x00000000c3c00000, 0x00000000c6580000, 0x00000000ebf00000)
  object space 42496K, 51% used [0x00000000c3c00000,0x00000000c5132278,0x00000000c6580000)
 Metaspace       used 20516K, capacity 21194K, committed 21248K, reserved 1069056K
  class space    used 2369K, capacity 2559K, committed 2560K, reserved 1048576K
Event: 10,465 GC heap after
Heap after GC invocations=11 (full 1):
 PSYoungGen      total 209920K, used 0K [0x00000000ebf00000, 0x00000000f9a00000, 0x0000000100000000)
  eden space 197632K, 0% used [0x00000000ebf00000,0x00000000ebf00000,0x00000000f8000000)
  from space 12288K, 0% used [0x00000000f8e00000,0x00000000f8e00000,0x00000000f9a00000)
  to   space 13312K, 0% used [0x00000000f8000000,0x00000000f8000000,0x00000000f8d00000)
 ParOldGen       total 50176K, used 21218K [0x00000000c3c00000, 0x00000000c6d00000, 0x00000000ebf00000)
  object space 50176K, 42% used [0x00000000c3c00000,0x00000000c50b8ab0,0x00000000c6d00000)
 Metaspace       used 20516K, capacity 21194K, committed 21248K, reserved 1069056K
  class space    used 2369K, capacity 2559K, committed 2560K, reserved 1048576K
}
Event: 11,895 GC heap before
{Heap before GC invocations=12 (full 1):
 PSYoungGen      total 209920K, used 197632K [0x00000000ebf00000, 0x00000000f9a00000, 0x0000000100000000)
  eden space 197632K, 100% used [0x00000000ebf00000,0x00000000f8000000,0x00000000f8000000)
  from space 12288K, 0% used [0x00000000f8e00000,0x00000000f8e00000,0x00000000f9a00000)
  to   space 13312K, 0% used [0x00000000f8000000,0x00000000f8000000,0x00000000f8d00000)
 ParOldGen       total 50176K, used 21218K [0x00000000c3c00000, 0x00000000c6d00000, 0x00000000ebf00000)
  object space 50176K, 42% used [0x00000000c3c00000,0x00000000c50b8ab0,0x00000000c6d00000)
 Metaspace       used 20914K, capacity 21674K, committed 21888K, reserved 1069056K
  class space    used 2397K, capacity 2591K, committed 2688K, reserved 1048576K
Event: 11,897 GC heap after
Heap after GC invocations=12 (full 1):
 PSYoungGen      total 210944K, used 939K [0x00000000ebf00000, 0x00000000fd600000, 0x0000000100000000)
  eden space 197632K, 0% used [0x00000000ebf00000,0x00000000ebf00000,0x00000000f8000000)
  from space 13312K, 7% used [0x00000000f8000000,0x00000000f80eafb0,0x00000000f8d00000)
  to   space 13824K, 0% used [0x00000000fc880000,0x00000000fc880000,0x00000000fd600000)
 ParOldGen       total 50176K, used 21226K [0x00000000c3c00000, 0x00000000c6d00000, 0x00000000ebf00000)
  object space 50176K, 42% used [0x00000000c3c00000,0x00000000c50baab0,0x00000000c6d00000)
 Metaspace       used 20914K, capacity 21674K, committed 21888K, reserved 1069056K
  class space    used 2397K, capacity 2591K, committed 2688K, reserved 1048576K
}
Event: 16,420 GC heap before
{Heap before GC invocations=13 (full 1):
 PSYoungGen      total 210944K, used 198571K [0x00000000ebf00000, 0x00000000fd600000, 0x0000000100000000)
  eden space 197632K, 100% used [0x00000000ebf00000,0x00000000f8000000,0x00000000f8000000)
  from space 13312K, 7% used [0x00000000f8000000,0x00000000f80eafb0,0x00000000f8d00000)
  to   space 13824K, 0% used [0x00000000fc880000,0x00000000fc880000,0x00000000fd600000)
 ParOldGen       total 50176K, used 21226K [0x00000000c3c00000, 0x00000000c6d00000, 0x00000000ebf00000)
  object space 50176K, 42% used [0x00000000c3c00000,0x00000000c50baab0,0x00000000c6d00000)
 Metaspace       used 26005K, capacity 27064K, committed 27392K, reserved 1073152K
  class space    used 2994K, capacity 3231K, committed 3328K, reserved 1048576K
Event: 16,530 GC heap after
Heap after GC invocations=13 (full 1):
 PSYoungGen      total 266240K, used 13815K [0x00000000ebf00000, 0x00000000fe280000, 0x0000000100000000)
  eden space 252416K, 0% used [0x00000000ebf00000,0x00000000ebf00000,0x00000000fb580000)
  from space 13824K, 99% used [0x00000000fc880000,0x00000000fd5fde20,0x00000000fd600000)
  to   space 19456K, 0% used [0x00000000fb580000,0x00000000fb580000,0x00000000fc880000)
 ParOldGen       total 50176K, used 31297K [0x00000000c3c00000, 0x00000000c6d00000, 0x00000000ebf00000)
  object space 50176K, 62% used [0x00000000c3c00000,0x00000000c5a90470,0x00000000c6d00000)
 Metaspace       used 26005K, capacity 27064K, committed 27392K, reserved 1073152K
  class space    used 2994K, capacity 3231K, committed 3328K, reserved 1048576K
}
Event: 22,815 GC heap before
{Heap before GC invocations=14 (full 1):
 PSYoungGen      total 266240K, used 266231K [0x00000000ebf00000, 0x00000000fe280000, 0x0000000100000000)
  eden space 252416K, 100% used [0x00000000ebf00000,0x00000000fb580000,0x00000000fb580000)
  from space 13824K, 99% used [0x00000000fc880000,0x00000000fd5fde20,0x00000000fd600000)
  to   space 19456K, 0% used [0x00000000fb580000,0x00000000fb580000,0x00000000fc880000)
 ParOldGen       total 50176K, used 31297K [0x00000000c3c00000, 0x00000000c6d00000, 0x00000000ebf00000)
  object space 50176K, 62% used [0x00000000c3c00000,0x00000000c5a90470,0x00000000c6d00000)
 Metaspace       used 28825K, capacity 29880K, committed 30080K, reserved 1075200K
  class space    used 3151K, capacity 3359K, committed 3456K, reserved 1048576K
Event: 23,038 GC heap after
Heap after GC invocations=14 (full 1):
 PSYoungGen      total 271872K, used 19454K [0x00000000ebf00000, 0x0000000100000000, 0x0000000100000000)
  eden space 252416K, 0% used [0x00000000ebf00000,0x00000000ebf00000,0x00000000fb580000)
  from space 19456K, 99% used [0x00000000fb580000,0x00000000fc87fa08,0x00000000fc880000)
  to   space 34816K, 0% used [0x00000000fde00000,0x00000000fde00000,0x0000000100000000)
 ParOldGen       total 65024K, used 64560K [0x00000000c3c00000, 0x00000000c7b80000, 0x00000000ebf00000)
  object space 65024K, 99% used [0x00000000c3c00000,0x00000000c7b0c1f0,0x00000000c7b80000)
 Metaspace       used 28825K, capacity 29880K, committed 30080K, reserved 1075200K
  class space    used 3151K, capacity 3359K, committed 3456K, reserved 1048576K
}
Event: 23,079 GC heap before
{Heap before GC invocations=15 (full 2):
 PSYoungGen      total 271872K, used 19454K [0x00000000ebf00000, 0x0000000100000000, 0x0000000100000000)
  eden space 252416K, 0% used [0x00000000ebf00000,0x00000000ebf00000,0x00000000fb580000)
  from space 19456K, 99% used [0x00000000fb580000,0x00000000fc87fa08,0x00000000fc880000)
  to   space 34816K, 0% used [0x00000000fde00000,0x00000000fde00000,0x0000000100000000)
 ParOldGen       total 65024K, used 64560K [0x00000000c3c00000, 0x00000000c7b80000, 0x00000000ebf00000)
  object space 65024K, 99% used [0x00000000c3c00000,0x00000000c7b0c1f0,0x00000000c7b80000)
 Metaspace       used 28825K, capacity 29880K, committed 30080K, reserved 1075200K
  class space    used 3151K, capacity 3359K, committed 3456K, reserved 1048576K

Deoptimization events (10 events):
Event: 20,367 Thread 0x00007fbf9000b800 Uncommon trap: reason=unstable_if action=reinterpret pc=0x00007fbf8242e18c method=com.sun.tools.javac.code.Type.isCompound()Z @ 23
Event: 20,462 Thread 0x00007fbf9000b800 Uncommon trap: reason=class_check action=maybe_recompile pc=0x00007fbf8224bab0 method=com.sun.tools.javac.code.Type$ClassType.allparams()Lcom/sun/tools/javac/util/List; @ 16
Event: 20,786 Thread 0x00007fbf9000b800 Uncommon trap: reason=bimorphic action=maybe_recompile pc=0x00007fbf825538f8 method=com.sun.tools.javac.comp.Attr.check(Lcom/sun/tools/javac/tree/JCTree;Lcom/sun/tools/javac/code/Type;ILcom/sun/tools/javac/comp/Attr$ResultInfo;)Lcom/sun/tools/javac/code/T
Event: 20,802 Thread 0x00007fbf9000b800 Uncommon trap: reason=bimorphic action=maybe_recompile pc=0x00007fbf825538f8 method=com.sun.tools.javac.comp.Attr.check(Lcom/sun/tools/javac/tree/JCTree;Lcom/sun/tools/javac/code/Type;ILcom/sun/tools/javac/comp/Attr$ResultInfo;)Lcom/sun/tools/javac/code/T
Event: 20,892 Thread 0x00007fbf9000b800 Uncommon trap: reason=unstable_if action=reinterpret pc=0x00007fbf82553164 method=com.sun.tools.javac.comp.Attr.checkIdInternal(Lcom/sun/tools/javac/tree/JCTree;Lcom/sun/tools/javac/code/Type;Lcom/sun/tools/javac/code/Symbol;Lcom/sun/tools/javac/code/Type
Event: 21,216 Thread 0x00007fbf9000b800 Uncommon trap: reason=unstable_if action=reinterpret pc=0x00007fbf816059b8 method=com.sun.tools.javac.code.Types.cvarLowerBound(Lcom/sun/tools/javac/code/Type;)Lcom/sun/tools/javac/code/Type; @ 7
Event: 21,493 Thread 0x00007fbf9000b800 Uncommon trap: reason=unstable_if action=reinterpret pc=0x00007fbf8252f344 method=com.sun.tools.javac.code.Type$ClassType.getTypeArguments()Lcom/sun/tools/javac/util/List; @ 15
Event: 21,637 Thread 0x00007fbf9000b800 Uncommon trap: reason=array_check action=maybe_recompile pc=0x00007fbf81724290 method=java.util.AbstractCollection.toArray([Ljava/lang/Object;)[Ljava/lang/Object; @ 119
Event: 21,810 Thread 0x00007fbf9000b800 Uncommon trap: reason=unstable_if action=reinterpret pc=0x00007fbf82612558 method=com.sun.tools.javac.comp.Flow$BaseAnalyzer.scan(Lcom/sun/tools/javac/tree/JCTree;)V @ 8
Event: 22,471 Thread 0x00007fbf9000b800 Uncommon trap: reason=unstable_if action=reinterpret pc=0x00007fbf820933c0 method=com.sun.tools.javac.util.Convert.chars2utf([CI[BII)I @ 35

Classes redefined (0 events):
No events

Internal exceptions (10 events):
Event: 16,961 Thread 0x00007fbf9000b800 Exception <a 'java/io/FileNotFoundException'> (0x00000000ee326c00) thrown at [/build/openjdk-8-OqY7zN/openjdk-8-8u222-b10/src/hotspot/src/share/vm/prims/jni.cpp, line 710]
Event: 17,069 Thread 0x00007fbf9000b800 Exception <a 'java/io/FileNotFoundException'> (0x00000000eed7f910) thrown at [/build/openjdk-8-OqY7zN/openjdk-8-8u222-b10/src/hotspot/src/share/vm/prims/jni.cpp, line 710]
Event: 17,069 Thread 0x00007fbf9000b800 Exception <a 'java/io/FileNotFoundException'> (0x00000000eed80938) thrown at [/build/openjdk-8-OqY7zN/openjdk-8-8u222-b10/src/hotspot/src/share/vm/prims/jni.cpp, line 710]
Event: 17,069 Thread 0x00007fbf9000b800 Exception <a 'java/io/FileNotFoundException'> (0x00000000eed81d90) thrown at [/build/openjdk-8-OqY7zN/openjdk-8-8u222-b10/src/hotspot/src/share/vm/prims/jni.cpp, line 710]
Event: 17,069 Thread 0x00007fbf9000b800 Exception <a 'java/io/FileNotFoundException'> (0x00000000eed82db0) thrown at [/build/openjdk-8-OqY7zN/openjdk-8-8u222-b10/src/hotspot/src/share/vm/prims/jni.cpp, line 710]
Event: 17,069 Thread 0x00007fbf9000b800 Exception <a 'java/io/FileNotFoundException'> (0x00000000eed83dc8) thrown at [/build/openjdk-8-OqY7zN/openjdk-8-8u222-b10/src/hotspot/src/share/vm/prims/jni.cpp, line 710]
Event: 17,070 Thread 0x00007fbf9000b800 Exception <a 'java/io/FileNotFoundException'> (0x00000000eed84e90) thrown at [/build/openjdk-8-OqY7zN/openjdk-8-8u222-b10/src/hotspot/src/share/vm/prims/jni.cpp, line 710]
Event: 17,070 Thread 0x00007fbf9000b800 Exception <a 'java/io/FileNotFoundException'> (0x00000000eed85fe8) thrown at [/build/openjdk-8-OqY7zN/openjdk-8-8u222-b10/src/hotspot/src/share/vm/prims/jni.cpp, line 710]
Event: 17,070 Thread 0x00007fbf9000b800 Exception <a 'java/io/FileNotFoundException'> (0x00000000eed87018) thrown at [/build/openjdk-8-OqY7zN/openjdk-8-8u222-b10/src/hotspot/src/share/vm/prims/jni.cpp, line 710]
Event: 18,913 Thread 0x00007fbf9000b800 Implicit null exception at 0x00007fbf82232866 to 0x00007fbf822331ad

Events (10 events):
Event: 22,395 Thread 0x00007fbf9000b800 DEOPT PACKING pc=0x00007fbf812bc563 sp=0x00007fbf9a63f080
Event: 22,395 Thread 0x00007fbf9000b800 DEOPT UNPACKING pc=0x00007fbf810470c4 sp=0x00007fbf9a63ee18 mode 0
Event: 22,412 Thread 0x00007fbf9000b800 DEOPT PACKING pc=0x00007fbf824d05fe sp=0x00007fbf9a63f880
Event: 22,412 Thread 0x00007fbf9000b800 DEOPT UNPACKING pc=0x00007fbf810470c4 sp=0x00007fbf9a63f898 mode 0
Event: 22,471 Thread 0x00007fbf9000b800 Uncommon trap: trap_request=0xffffff65 fr.pc=0x00007fbf820933c0
Event: 22,471 Thread 0x00007fbf9000b800 DEOPT PACKING pc=0x00007fbf820933c0 sp=0x00007fbf9a63f800
Event: 22,471 Thread 0x00007fbf9000b800 DEOPT UNPACKING pc=0x00007fbf8104547a sp=0x00007fbf9a63f730 mode 2
Event: 22,495 Thread 0x00007fbf9000b800 DEOPT PACKING pc=0x00007fbf823af409 sp=0x00007fbf9a63f100
Event: 22,495 Thread 0x00007fbf9000b800 DEOPT UNPACKING pc=0x00007fbf810470c4 sp=0x00007fbf9a63eeb8 mode 0
Event: 22,806 Executing VM operation: ParallelGCFailedAllocation


Dynamic libraries:
c3c00000-c7b80000 rw-p 00000000 00:00 0 
cb680000-ebf00000 ---p 00000000 00:00 0 
ebf00000-100000000 rw-p 00000000 00:00 0 
100000000-100360000 rw-p 00000000 00:00 0 
100360000-140000000 ---p 00000000 00:00 0 
562a7ad7b000-562a7ad7c000 r-xp 00000000 08:02 7081383                    /usr/lib/jvm/java-8-openjdk-amd64/jre/bin/java
562a7af7b000-562a7af7c000 r--p 00000000 08:02 7081383                    /usr/lib/jvm/java-8-openjdk-amd64/jre/bin/java
562a7af7c000-562a7af7d000 rw-p 00001000 08:02 7081383                    /usr/lib/jvm/java-8-openjdk-amd64/jre/bin/java
562a7c9b0000-562a7c9d1000 rw-p 00000000 00:00 0                          [heap]
7fbf44000000-7fbf44031000 rw-p 00000000 00:00 0 
7fbf44031000-7fbf48000000 ---p 00000000 00:00 0 
7fbf48000000-7fbf4804d000 rw-p 00000000 00:00 0 
7fbf4804d000-7fbf4c000000 ---p 00000000 00:00 0 
7fbf4c000000-7fbf4c021000 rw-p 00000000 00:00 0 
7fbf4c021000-7fbf50000000 ---p 00000000 00:00 0 
7fbf50fff000-7fbf54000000 rw-p 00000000 00:00 0 
7fbf54000000-7fbf54021000 rw-p 00000000 00:00 0 
7fbf54021000-7fbf58000000 ---p 00000000 00:00 0 
7fbf58000000-7fbf58021000 rw-p 00000000 00:00 0 
7fbf58021000-7fbf5c000000 ---p 00000000 00:00 0 
7fbf5c000000-7fbf5ded9000 rw-p 00000000 00:00 0 
7fbf5ded9000-7fbf60000000 ---p 00000000 00:00 0 
7fbf60000000-7fbf60ecd000 rw-p 00000000 00:00 0 
7fbf60ecd000-7fbf64000000 ---p 00000000 00:00 0 
7fbf64000000-7fbf64021000 rw-p 00000000 00:00 0 
7fbf64021000-7fbf68000000 ---p 00000000 00:00 0 
7fbf68000000-7fbf68021000 rw-p 00000000 00:00 0 
7fbf68021000-7fbf6c000000 ---p 00000000 00:00 0 
7fbf6c000000-7fbf6c021000 rw-p 00000000 00:00 0 
7fbf6c021000-7fbf70000000 ---p 00000000 00:00 0 
7fbf70f1a000-7fbf7111a000 rw-p 00000000 00:00 0 
7fbf7111a000-7fbf71121000 r--s 00000000 08:02 264585                     /usr/lib/x86_64-linux-gnu/gconv/gconv-modules.cache
7fbf71121000-7fbf71147000 r--p 00000000 08:02 789334                     /usr/share/locale-langpack/fr/LC_MESSAGES/libc.mo
7fbf71147000-7fbf71149000 r--s 0000b000 08:02 3279041                    /home/mairiedeparis/.m2/repository/javax/servlet/jsp/javax.servlet.jsp-api/2.3.1/javax.servlet.jsp-api-2.3.1.jar
7fbf71149000-7fbf7114c000 r--s 00015000 08:02 3279039                    /home/mairiedeparis/.m2/repository/javax/servlet/javax.servlet-api/3.1.0/javax.servlet-api-3.1.0.jar
7fbf7114c000-7fbf7114e000 r--s 00000000 08:02 2232282                    /home/mairiedeparis/.m2/repository/fr/paris/lutece/plugins/library-jmx-api/1.0.0/library-jmx-api-1.0.0.jar
7fbf7114e000-7fbf7114f000 r--s 00004000 08:02 3278999                    /home/mairiedeparis/.m2/repository/net/sf/opencsv/opencsv/2.3/opencsv-2.3.jar
7fbf7114f000-7fbf71155000 r--s 0003e000 08:02 3278997                    /home/mairiedeparis/.m2/repository/net/sf/dozer/dozer/5.5.1/dozer-5.5.1.jar
7fbf71155000-7fbf71157000 r--s 0000e000 08:02 3278995                    /home/mairiedeparis/.m2/repository/com/fasterxml/classmate/1.3.1/classmate-1.3.1.jar
7fbf71157000-7fbf71159000 r--s 0000f000 08:02 3149198                    /home/mairiedeparis/.m2/repository/org/jboss/logging/jboss-logging/3.3.0.Final/jboss-logging-3.3.0.Final.jar
7fbf71159000-7fbf71169000 r--s 000a1000 08:02 3149196                    /home/mairiedeparis/.m2/repository/org/hibernate/hibernate-validator/5.3.2.Final/hibernate-validator-5.3.2.Final.jar
7fbf71169000-7fbf7116d000 r--s 0000c000 08:02 3149194                    /home/mairiedeparis/.m2/repository/javax/validation/validation-api/1.1.0.Final/validation-api-1.1.0.Final.jar
7fbf7116d000-7fbf7116e000 r--s 00000000 08:02 3147085                    /home/mairiedeparis/.m2/repository/javax/inject/javax.inject/1/javax.inject-1.jar
7fbf7116e000-7fbf71172000 r--s 00042000 08:02 3278991                    /home/mairiedeparis/.m2/repository/com/fasterxml/jackson/core/jackson-core/2.8.10/jackson-core-2.8.10.jar
7fbf71172000-7fbf71175000 r--s 0000b000 08:02 3149192                    /home/mairiedeparis/.m2/repository/com/fasterxml/jackson/core/jackson-annotations/2.8.0/jackson-annotations-2.8.0.jar
7fbf71175000-7fbf71187000 r--s 0011f000 08:02 3278989                    /home/mairiedeparis/.m2/repository/com/fasterxml/jackson/core/jackson-databind/2.8.11.3/jackson-databind-2.8.11.3.jar
7fbf71187000-7fbf7118b000 r--s 00035000 08:02 3149190                    /home/mairiedeparis/.m2/repository/org/codehaus/jackson/jackson-core-asl/1.9.13/jackson-core-asl-1.9.13.jar
7fbf7118b000-7fbf71199000 r--s 000b1000 08:02 3149188                    /home/mairiedeparis/.m2/repository/org/codehaus/jackson/jackson-mapper-asl/1.9.13/jackson-mapper-asl-1.9.13.jar
7fbf71199000-7fbf7119c000 r--s 00013000 08:02 3149186                    /home/mairiedeparis/.m2/repository/net/sf/ezmorph/ezmorph/1.0.6/ezmorph-1.0.6.jar
7fbf7119c000-7fbf7119f000 r--s 00024000 08:02 3149184                    /home/mairiedeparis/.m2/repository/net/sf/json-lib/json-lib/2.4/json-lib-2.4-jdk15.jar
7fbf7119f000-7fbf711aa000 r--s 000b2000 08:02 3278987                    /home/mairiedeparis/.m2/repository/org/javassist/javassist/3.23.1-GA/javassist-3.23.1-GA.jar
7fbf711aa000-7fbf711ab000 r--s 00004000 08:02 3149182                    /home/mairiedeparis/.m2/repository/org/scannotation/scannotation/1.0.3/scannotation-1.0.3.jar
7fbf711ab000-7fbf711b0000 r--s 00019000 08:02 3149180                    /home/mairiedeparis/.m2/repository/org/apache/geronimo/specs/geronimo-jpa_2.0_spec/1.1/geronimo-jpa_2.0_spec-1.1.jar
7fbf711b0000-7fbf711b3000 r--s 0000d000 08:02 2364130                    /home/mairiedeparis/.m2/repository/fr/paris/lutece/plugins/library-workflow-core/1.1.3/library-workflow-core-1.1.3.jar
7fbf711b3000-7fbf711ce000 r--s 00152000 08:02 3150460                    /home/mairiedeparis/.m2/repository/org/freemarker/freemarker/2.3.25-incubating/freemarker-2.3.25-incubating.jar
7fbf711ce000-7fbf711d0000 r--s 00001000 08:02 2624745                    /home/mairiedeparis/.m2/repository/fr/paris/lutece/plugins/library-freemarker/1.2.1/library-freemarker-1.2.1.jar
7fbf711d0000-7fbf711d1000 r--s 00000000 08:02 1840208                    /home/mairiedeparis/.m2/repository/fr/paris/lutece/plugins/library-workgroup-api/1.0.0/library-workgroup-api-1.0.0.jar
7fbf711d1000-7fbf711d3000 r--s 00000000 08:02 1840200                    /home/mairiedeparis/.m2/repository/fr/paris/lutece/plugins/library-rbac-api/1.0.0/library-rbac-api-1.0.0.jar
7fbf711d3000-7fbf711d5000 r--s 00007000 08:02 3149176                    /home/mairiedeparis/.m2/repository/org/apache/commons/commons-csv/1.0/commons-csv-1.0.jar
7fbf711d5000-7fbf711da000 r--s 0002a000 08:02 3149174                    /home/mairiedeparis/.m2/repository/com/google/code/gson/gson/2.2.4/gson-2.2.4.jar
7fbf711da000-7fbf711db000 r--s 0000f000 08:02 3149172                    /home/mairiedeparis/.m2/repository/org/json/json/20140107/json-20140107.jar
7fbf711db000-7fbf711dc000 r--s 00005000 08:02 3149170                    /home/mairiedeparis/.m2/repository/com/googlecode/json-simple/json-simple/1.1.1/json-simple-1.1.1.jar
7fbf711dc000-7fbf711de000 r--s 0000c000 08:02 3015471                    /home/mairiedeparis/.m2/repository/org/apache/commons/commons-exec/1.3/commons-exec-1.3.jar
7fbf711de000-7fbf711e0000 r--s 00005000 08:02 3149168                    /home/mairiedeparis/.m2/repository/regexp/regexp/1.3/regexp-1.3.jar
7fbf711e0000-7fbf711e2000 r--s 00008000 08:02 3149166                    /home/mairiedeparis/.m2/repository/org/apache/maven/scm/maven-scm-provider-svn-commons/1.4/maven-scm-provider-svn-commons-1.4.jar
7fbf711e2000-7fbf711e5000 r--s 0000f000 08:02 3149164                    /home/mairiedeparis/.m2/repository/org/apache/maven/scm/maven-scm-provider-svnexe/1.4/maven-scm-provider-svnexe-1.4.jar
7fbf711e5000-7fbf711e9000 r--s 00014000 08:02 3149160                    /home/mairiedeparis/.m2/repository/org/apache/maven/scm/maven-scm-api/1.4/maven-scm-api-1.4.jar
7fbf711e9000-7fbf711f2000 r--s 0005d000 08:02 3149158                    /home/mairiedeparis/.m2/repository/org/apache/commons/commons-vfs2/2.0/commons-vfs2-2.0.jar
7fbf711f2000-7fbf711f5000 r--s 00023000 08:02 3149156                    /home/mairiedeparis/.m2/repository/com/github/junrar/junrar/0.7/junrar-0.7.jar
7fbf711f5000-7fbf711fa000 r--s 00035000 08:02 3149154                    /home/mairiedeparis/.m2/repository/org/codelibs/jhighlight/1.0.2/jhighlight-1.0.2.jar
7fbf711fa000-7fbf711fd000 r--s 00033000 08:02 3149152                    /home/mairiedeparis/.m2/repository/com/googlecode/juniversalchardet/juniversalchardet/1.0.3/juniversalchardet-1.0.3.jar
7fbf711fd000-7fbf711fe000 r--s 00001000 08:02 3149150                    /home/mairiedeparis/.m2/repository/com/rometools/rome-utils/1.5.1/rome-utils-1.5.1.jar
7fbf711fe000-7fbf71202000 r--s 00038000 08:02 3149148                    /home/mairiedeparis/.m2/repository/com/rometools/rome/1.5.1/rome-1.5.1.jar
7fbf71202000-7fbf71205000 r--s 00014000 08:02 3149146                    /home/mairiedeparis/.m2/repository/de/l3s/boilerpipe/boilerpipe/1.1.0/boilerpipe-1.1.0.jar
7fbf71205000-7fbf71207000 r--s 00015000 08:02 3149144                    /home/mairiedeparis/.m2/repository/org/ccil/cowan/tagsoup/tagsoup/1.2.1/tagsoup-1.2.1.jar
7fbf71207000-7fbf7120a000 r--s 00014000 08:02 3149142                    /home/mairiedeparis/.m2/repository/com/github/virtuald/curvesapi/1.03/curvesapi-1.03.jar
7fbf7120a000-7fbf71248000 r--s 0025d000 08:02 3149140                    /home/mairiedeparis/.m2/repository/org/apache/xmlbeans/xmlbeans/2.6.0/xmlbeans-2.6.0.jar
7fbf71248000-7fbf71308000 r--s 004e6000 08:02 3149138                    /home/mairiedeparis/.m2/repository/org/apache/poi/poi-ooxml-schemas/3.15-beta1/poi-ooxml-schemas-3.15-beta1.jar
7fbf71308000-7fbf71318000 r--s 0012c000 08:02 3149136                    /home/mairiedeparis/.m2/repository/org/apache/poi/poi-ooxml/3.15-beta1/poi-ooxml-3.15-beta1.jar
7fbf71318000-7fbf7132a000 r--s 00131000 08:02 3149134                    /home/mairiedeparis/.m2/repository/org/apache/poi/poi-scratchpad/3.15-beta1/poi-scratchpad-3.15-beta1.jar
7fbf7132a000-7fbf71354000 r--s 00242000 08:02 3149132                    /home/mairiedeparis/.m2/repository/org/apache/poi/poi/3.15-beta1/poi-3.15-beta1.jar
7fbf71354000-7fbf7139c000 r--s 002d9000 08:02 3149130                    /home/mairiedeparis/.m2/repository/org/bouncycastle/bcprov-jdk15on/1.54/bcprov-jdk15on-1.54.jar
7fbf7139c000-7fbf713ad000 r--s 00094000 08:02 3149128                    /home/mairiedeparis/.m2/repository/org/bouncycastle/bcpkix-jdk15on/1.54/bcpkix-jdk15on-1.54.jar
7fbf713ad000-7fbf713af000 r--s 00017000 08:02 3149126                    /home/mairiedeparis/.m2/repository/org/bouncycastle/bcmail-jdk15on/1.54/bcmail-jdk15on-1.54.jar
7fbf713af000-7fbf713b3000 r--s 00032000 08:02 3149124                    /home/mairiedeparis/.m2/repository/org/apache/pdfbox/pdfbox-debugger/2.0.1/pdfbox-debugger-2.0.1.jar
7fbf713b3000-7fbf713b5000 r--s 0000f000 08:02 3149122                    /home/mairiedeparis/.m2/repository/org/apache/pdfbox/pdfbox-tools/2.0.1/pdfbox-tools-2.0.1.jar
7fbf713b5000-7fbf713b9000 r--s 00015000 08:02 3149120                    /home/mairiedeparis/.m2/repository/org/tukaani/xz/1.5/xz-1.5.jar
7fbf713b9000-7fbf713c1000 r--s 00060000 08:02 3149118                    /home/mairiedeparis/.m2/repository/org/apache/commons/commons-compress/1.11/commons-compress-1.11.jar
7fbf713c1000-7fbf713c8000 r--s 00044000 08:02 3149116                    /home/mairiedeparis/.m2/repository/org/apache/james/apache-mime4j-dom/0.7.2/apache-mime4j-dom-0.7.2.jar
7fbf713c8000-7fbf713cb000 r--s 00015000 08:02 3149114                    /home/mairiedeparis/.m2/repository/org/apache/james/apache-mime4j-core/0.7.2/apache-mime4j-core-0.7.2.jar
7fbf713cb000-7fbf713d7000 r--s 000b4000 08:02 3149112                    /home/mairiedeparis/.m2/repository/org/apache/tika/tika-parsers/1.13/tika-parsers-1.13.jar
7fbf713d7000-7fbf713e0000 r--s 0008b000 08:02 3149110                    /home/mairiedeparis/.m2/repository/org/apache/tika/tika-core/1.13/tika-core-1.13.jar
7fbf713e0000-7fbf713e2000 r--s 0000b000 08:02 3149108                    /home/mairiedeparis/.m2/repository/org/apache/pdfbox/jempbox/1.8.4/jempbox-1.8.4.jar
7fbf713e2000-7fbf713e6000 r--s 0002f000 08:02 3149106                    /home/mairiedeparis/.m2/repository/org/apache/pdfbox/fontbox/1.8.4/fontbox-1.8.4.jar
7fbf713e6000-7fbf713fc000 r--s 003ba000 08:02 3149104                    /home/mairiedeparis/.m2/repository/org/apache/pdfbox/pdfbox/1.8.4/pdfbox-1.8.4.jar
7fbf713fc000-7fbf7140d000 r--s 00161000 08:02 3149102                    /home/mairiedeparis/.m2/repository/org/apache/lucene/lucene-analyzers-common/6.5.1/lucene-analyzers-common-6.5.1.jar
7fbf7140d000-7fbf71411000 r--s 00039000 08:02 3149100                    /home/mairiedeparis/.m2/repository/org/apache/lucene/lucene-suggest/6.5.1/lucene-suggest-6.5.1.jar
7fbf71411000-7fbf71415000 r--s 00026000 08:02 3149098                    /home/mairiedeparis/.m2/repository/org/apache/lucene/lucene-sandbox/6.5.1/lucene-sandbox-6.5.1.jar
7fbf71415000-7fbf7141e000 r--s 0005a000 08:02 3149096                    /home/mairiedeparis/.m2/repository/org/apache/lucene/lucene-queryparser/6.5.1/lucene-queryparser-6.5.1.jar
7fbf7141e000-7fbf71422000 r--s 00025000 08:02 3149094                    /home/mairiedeparis/.m2/repository/org/apache/lucene/lucene-misc/6.5.1/lucene-misc-6.5.1.jar
7fbf71422000-7fbf71424000 r--s 0000a000 08:02 3149092                    /home/mairiedeparis/.m2/repository/org/apache/lucene/lucene-memory/6.5.1/lucene-memory-6.5.1.jar
7fbf71424000-7fbf7142a000 r--s 00034000 08:02 3149090                    /home/mairiedeparis/.m2/repository/org/apache/lucene/lucene-queries/6.5.1/lucene-queries-6.5.1.jar
7fbf7142a000-7fbf7142e000 r--s 00020000 08:02 3149088                    /home/mairiedeparis/.m2/repository/org/apache/lucene/lucene-join/6.5.1/lucene-join-6.5.1.jar
7fbf7142e000-7fbf71433000 r--s 00034000 08:02 3149086                    /home/mairiedeparis/.m2/repository/org/apache/lucene/lucene-highlighter/6.5.1/lucene-highlighter-6.5.1.jar
7fbf71433000-7fbf71461000 r--s 00278000 08:02 3149084                    /home/mairiedeparis/.m2/repository/org/apache/lucene/lucene-core/6.5.1/lucene-core-6.5.1.jar
7fbf71461000-7fbf71462000 r--s 00002000 08:02 2624708                    /home/mairiedeparis/.m2/repository/fr/paris/lutece/plugins/library-lucene/3.0.1/library-lucene-3.0.1.jar
7fbf71462000-7fbf7146c000 r--s 00098000 08:02 3149082                    /home/mairiedeparis/.m2/repository/org/quartz-scheduler/quartz/2.2.3/quartz-2.2.3.jar
7fbf7146c000-7fbf7147e000 r--s 000b9000 08:02 3278983                    /home/mairiedeparis/.m2/repository/org/springframework/spring-web/4.3.22.RELEASE/spring-web-4.3.22.RELEASE.jar
7fbf7147e000-7fbf71486000 r--s 0003a000 08:02 3278981                    /home/mairiedeparis/.m2/repository/org/springframework/spring-tx/4.3.22.RELEASE/spring-tx-4.3.22.RELEASE.jar
7fbf71486000-7fbf71490000 r--s 00060000 08:02 3278979                    /home/mairiedeparis/.m2/repository/org/springframework/spring-jdbc/4.3.22.RELEASE/spring-jdbc-4.3.22.RELEASE.jar
7fbf71490000-7fbf7149a000 r--s 0006b000 08:02 3278977                    /home/mairiedeparis/.m2/repository/org/springframework/spring-orm/4.3.22.RELEASE/spring-orm-4.3.22.RELEASE.jar
7fbf7149a000-7fbf714b1000 r--s 000fe000 08:02 3278975                    /home/mairiedeparis/.m2/repository/org/springframework/spring-core/4.3.22.RELEASE/spring-core-4.3.22.RELEASE.jar
7fbf714b1000-7fbf714b7000 r--s 0003e000 08:02 3278973                    /home/mairiedeparis/.m2/repository/org/springframework/spring-expression/4.3.22.RELEASE/spring-expression-4.3.22.RELEASE.jar
7fbf714b7000-7fbf714d1000 r--s 000fe000 08:02 3278971                    /home/mairiedeparis/.m2/repository/org/springframework/spring-context/4.3.22.RELEASE/spring-context-4.3.22.RELEASE.jar
7fbf714d1000-7fbf714df000 r--s 000ad000 08:02 3278969                    /home/mairiedeparis/.m2/repository/org/springframework/spring-beans/4.3.22.RELEASE/spring-beans-4.3.22.RELEASE.jar
7fbf714df000-7fbf714e8000 r--s 00054000 08:02 3278967                    /home/mairiedeparis/.m2/repository/org/springframework/spring-aop/4.3.22.RELEASE/spring-aop-4.3.22.RELEASE.jar
7fbf714e8000-7fbf714f1000 r--s 000ed000 08:02 3278965                    /home/mairiedeparis/.m2/repository/mysql/mysql-connector-java/5.1.47/mysql-connector-java-5.1.47.jar
7fbf714f1000-7fbf714f9000 r--s 00084000 08:02 3149080                    /home/mairiedeparis/.m2/repository/com/sun/mail/javax.mail/1.5.2/javax.mail-1.5.2.jar
7fbf714f9000-7fbf71500000 r--s 0004e000 08:02 3149078                    /home/mairiedeparis/.m2/repository/org/jsoup/jsoup/1.10.1/jsoup-1.10.1.jar
7fbf71500000-7fbf71503000 r--s 0003a000 08:02 3148955                    /home/mairiedeparis/.m2/repository/jtidy/jtidy/8.0/jtidy-8.0.jar
7fbf71503000-7fbf71505000 r--s 0000e000 08:02 3149077                    /home/mairiedeparis/.m2/repository/commons-logging/commons-logging/1.2/commons-logging-1.2.jar
7fbf71505000-7fbf7150e000 r--s 0006f000 08:02 3149074                    /home/mairiedeparis/.m2/repository/log4j/log4j/1.2.17/log4j-1.2.17.jar
7fbf7150e000-7fbf7150f000 r--s 00002000 08:02 3149073                    /home/mairiedeparis/.m2/repository/org/slf4j/slf4j-log4j12/1.7.21/slf4j-log4j12-1.7.21.jar
7fbf7150f000-7fbf71511000 r--s 00009000 08:02 3149070                    /home/mairiedeparis/.m2/repository/org/slf4j/slf4j-api/1.7.21/slf4j-api-1.7.21.jar
7fbf71511000-7fbf71527000 r--s 000e6000 08:02 3278963                    /home/mairiedeparis/.m2/repository/net/sf/ehcache/ehcache-core/2.4.8/ehcache-core-2.4.8.jar
7fbf71527000-7fbf7152a000 r--s 00019000 08:02 3149066                    /home/mairiedeparis/.m2/repository/org/apache/commons/commons-pool2/2.4.2/commons-pool2-2.4.2.jar
7fbf7152a000-7fbf7152d000 r--s 00028000 08:02 3149064                    /home/mairiedeparis/.m2/repository/org/apache/commons/commons-dbcp2/2.1.1/commons-dbcp2-2.1.1.jar
7fbf7152d000-7fbf71534000 r--s 00064000 08:02 3149062                    /home/mairiedeparis/.m2/repository/org/apache/commons/commons-lang3/3.4/commons-lang3-3.4.jar
7fbf71534000-7fbf71539000 r--s 00041000 08:02 3150438                    /home/mairiedeparis/.m2/repository/commons-lang/commons-lang/2.6/commons-lang-2.6.jar
7fbf71539000-7fbf71540000 r--s 00040000 08:02 3149052                    /home/mairiedeparis/.m2/repository/cglib/cglib/2.2.2/cglib-2.2.2.jar
7fbf71540000-7fbf71546000 r--s 00035000 08:02 3149050                    /home/mairiedeparis/.m2/repository/org/apache/commons/commons-digester3/3.2/commons-digester3-3.2.jar
7fbf71546000-7fbf71553000 r--s 00083000 08:02 3149046                    /home/mairiedeparis/.m2/repository/commons-collections/commons-collections/3.2.2/commons-collections-3.2.2.jar
7fbf71553000-7fbf71563000 r--s 00089000 08:02 3278959                    /home/mairiedeparis/.m2/repository/com/mchange/mchange-commons-java/0.2.15/mchange-commons-java-0.2.15.jar
7fbf71563000-7fbf71763000 rw-p 00000000 00:00 0 
7fbf71763000-7fbf71963000 rw-p 00000000 00:00 0 
7fbf71963000-7fbf719dc000 r--s 01104000 08:02 7085585                    /usr/lib/jvm/java-8-openjdk-amd64/lib/tools.jar
7fbf719dc000-7fbf719df000 ---p 00000000 00:00 0 
7fbf719df000-7fbf71add000 rw-p 00000000 00:00 0 
7fbf71add000-7fbf71ae0000 ---p 00000000 00:00 0 
7fbf71ae0000-7fbf71bde000 rw-p 00000000 00:00 0 
7fbf71bde000-7fbf71be1000 ---p 00000000 00:00 0 
7fbf71be1000-7fbf71edf000 rw-p 00000000 00:00 0 
7fbf71edf000-7fbf71ee3000 r--s 00035000 08:02 3016568                    /home/mairiedeparis/.m2/repository/org/codehaus/plexus/plexus-utils/3.0.8/plexus-utils-3.0.8.jar
7fbf71ee3000-7fbf71ee7000 r--s 00027000 08:02 3146596                    /home/mairiedeparis/.m2/repository/commons-io/commons-io/2.2/commons-io-2.2.jar
7fbf71ee7000-7fbf71eec000 r--s 0003e000 08:02 3146590                    /home/mairiedeparis/.m2/repository/commons-net/commons-net/3.1/commons-net-3.1.jar
7fbf71eec000-7fbf71eed000 r--s 00003000 08:02 3146588                    /home/mairiedeparis/.m2/repository/org/apache/maven/wagon/wagon-ftp/2.6/wagon-ftp-2.6.jar
7fbf71eed000-7fbf71eee000 r--s 0000a000 08:02 3149068                    /home/mairiedeparis/.m2/repository/net/sf/ehcache/ehcache-web/2.0.4/ehcache-web-2.0.4.jar
7fbf71eee000-7fbf71ef1000 r--s 0000f000 08:02 3278961                    /home/mairiedeparis/.m2/repository/commons-fileupload/commons-fileupload/1.3.3/commons-fileupload-1.3.3.jar
7fbf71ef1000-7fbf71ef5000 r--s 00020000 08:02 3149048                    /home/mairiedeparis/.m2/repository/commons-digester/commons-digester/1.8.1/commons-digester-1.8.1.jar
7fbf71ef5000-7fbf71efa000 r--s 00038000 08:02 3149044                    /home/mairiedeparis/.m2/repository/commons-beanutils/commons-beanutils/1.9.3/commons-beanutils-1.9.3.jar
7fbf71efa000-7fbf71f01000 r--s 00073000 08:02 3277836                    /home/mairiedeparis/.m2/repository/com/mchange/c3p0/0.9.5.3/c3p0-0.9.5.3.jar
7fbf71f01000-7fbf71f03000 r--s 0000e000 08:02 3149042                    /home/mairiedeparis/.m2/repository/javax/activation/activation/1.1/activation-1.1.jar
7fbf71f03000-7fbf71f04000 r--s 00004000 08:02 3279697                    /home/mairiedeparis/.m2/repository/org/codehaus/plexus/plexus-compiler-javac/2.8.1/plexus-compiler-javac-2.8.1.jar
7fbf71f04000-7fbf71f06000 r--s 00000000 08:02 3279695                    /home/mairiedeparis/.m2/repository/org/codehaus/plexus/plexus-compiler-manager/2.8.1/plexus-compiler-manager-2.8.1.jar
7fbf71f06000-7fbf71f08000 r--s 00005000 08:02 3149223                    /home/mairiedeparis/.m2/repository/org/codehaus/plexus/plexus-compiler-api/2.8.1/plexus-compiler-api-2.8.1.jar
7fbf71f08000-7fbf71f0f000 r--s 00046000 08:02 3279693                    /home/mairiedeparis/.m2/repository/com/thoughtworks/qdox/qdox/2.0-M5/qdox-2.0-M5.jar
7fbf71f0f000-7fbf71f11000 r--s 0000c000 08:02 3149221                    /home/mairiedeparis/.m2/repository/org/ow2/asm/asm/6.0_ALPHA/asm-6.0_ALPHA.jar
7fbf71f11000-7fbf71f13000 r--s 00002000 08:02 3015337                    /home/mairiedeparis/.m2/repository/org/apache/maven/shared/maven-shared-incremental/1.1/maven-shared-incremental-1.1.jar
7fbf71f13000-7fbf71f16000 r--s 00025000 08:02 3279689                    /home/mairiedeparis/.m2/repository/org/apache/maven/shared/maven-shared-utils/3.1.0/maven-shared-utils-3.1.0.jar
7fbf71f16000-7fbf71f18000 r--s 00000000 08:02 3279687                    /home/mairiedeparis/.m2/repository/org/codehaus/plexus/plexus-component-annotations/1.6/plexus-component-annotations-1.6.jar
7fbf71f18000-7fbf71f1a000 r--s 0000d000 08:02 3279691                    /home/mairiedeparis/.m2/repository/org/codehaus/plexus/plexus-interpolation/1.14/plexus-interpolation-1.14.jar
7fbf71f1a000-7fbf71f1c000 r--s 0000d000 08:02 3147246                    /home/mairiedeparis/.m2/repository/org/apache/maven/plugins/maven-compiler-plugin/3.6.1/maven-compiler-plugin-3.6.1.jar
7fbf71f1c000-7fbf71f1f000 r--s 00011000 08:02 3279611                    /home/mairiedeparis/.m2/repository/org/codehaus/plexus/plexus-interpolation/1.24/plexus-interpolation-1.24.jar
7fbf71f1f000-7fbf71f23000 r--s 0002f000 08:02 3149061                    /home/mairiedeparis/.m2/repository/commons-io/commons-io/2.5/commons-io-2.5.jar
7fbf71f23000-7fbf71f25000 r--s 00001000 08:02 2754286                    /home/mairiedeparis/.m2/repository/org/sonatype/plexus/plexus-build-api/0.0.7/plexus-build-api-0.0.7.jar
7fbf71f25000-7fbf71f27000 r--s 0000b000 08:02 3279610                    /home/mairiedeparis/.m2/repository/org/apache/maven/shared/maven-filtering/3.1.1/maven-filtering-3.1.1.jar
7fbf71f27000-7fbf71f2b000 r--s 0003c000 08:02 3279609                    /home/mairiedeparis/.m2/repository/org/codehaus/plexus/plexus-utils/3.1.0/plexus-utils-3.1.0.jar
7fbf71f2b000-7fbf71f2d000 r--s 00000000 08:02 3279605                    /home/mairiedeparis/.m2/repository/org/codehaus/plexus/plexus-component-annotations/1.7.1/plexus-component-annotations-1.7.1.jar
7fbf71f2d000-7fbf71f31000 r--s 00017000 08:02 3279603                    /home/mairiedeparis/.m2/repository/org/sonatype/aether/aether-util/1.7/aether-util-1.7.jar
7fbf71f31000-7fbf71f32000 r--s 00007000 08:02 2885886                    /home/mairiedeparis/.m2/repository/org/apache/maven/plugins/maven-resources-plugin/3.1.0/maven-resources-plugin-3.1.0.jar
7fbf71f32000-7fbf71f35000 r--s 00018000 08:02 3279458                    /home/mairiedeparis/.m2/repository/org/apache/commons/commons-pool2/2.2/commons-pool2-2.2.jar
7fbf71f35000-7fbf71f37000 r--s 0000d000 08:02 3279456                    /home/mairiedeparis/.m2/repository/com/mycila/mycila-xmltool/4.4.ga/mycila-xmltool-4.4.ga.jar
7fbf71f37000-7fbf71f39000 r--s 0000d000 08:02 3149212                    /home/mairiedeparis/.m2/repository/commons-logging/commons-logging/1.1.1/commons-logging-1.1.1.jar
7fbf71f39000-7fbf71f3a000 r--s 0000c000 08:02 3279454                    /home/mairiedeparis/.m2/repository/org/springframework/spring-asm/3.1.3.RELEASE/spring-asm-3.1.3.RELEASE.jar
7fbf71f3a000-7fbf71f45000 r--s 00064000 08:02 3279452                    /home/mairiedeparis/.m2/repository/org/springframework/spring-core/3.1.3.RELEASE/spring-core-3.1.3.RELEASE.jar
7fbf71f45000-7fbf71f4c000 r--s 00023000 08:02 3279448                    /home/mairiedeparis/.m2/repository/org/apache/maven/maven-project-builder/3.0-alpha-2/maven-project-builder-3.0-alpha-2.jar
7fbf71f4c000-7fbf71f4e000 r--s 00007000 08:02 3279446                    /home/mairiedeparis/.m2/repository/org/sonatype/spice/model-builder/1.3/model-builder-1.3.jar
7fbf71f4e000-7fbf71f50000 r--s 00005000 08:02 3279444                    /home/mairiedeparis/.m2/repository/stax/stax-api/1.0.1/stax-api-1.0.1.jar
7fbf71f50000-7fbf71f57000 r--s 00079000 08:02 3279442                    /home/mairiedeparis/.m2/repository/org/codehaus/woodstox/wstx-asl/3.2.6/wstx-asl-3.2.6.jar
7fbf71f57000-7fbf71f59000 r--s 00009000 08:02 2099567                    /home/mairiedeparis/.m2/repository/org/hamcrest/hamcrest-core/1.3/hamcrest-core-1.3.jar
7fbf71f59000-7fbf71f61000 r--s 00045000 08:02 3016575                    /home/mairiedeparis/.m2/repository/junit/junit/4.12/junit-4.12.jar
7fbf71f61000-7fbf71f6d000 r--s 0006f000 08:02 3279440                    /home/mairiedeparis/.m2/repository/com/google/code/google-collections/google-collect/snapshot-20080530/google-collect-snapshot-20080530.jar
7fbf71f6d000-7fbf71f6e000 r--s 0000a000 08:02 3015350                    /home/mairiedeparis/.m2/repository/commons-logging/commons-logging-api/1.1/commons-logging-api-1.1.jar
7fbf71f6e000-7fbf71f75000 r--s 00051000 08:02 3015348                    /home/mairiedeparis/.m2/repository/log4j/log4j/1.2.12/log4j-1.2.12.jar
7fbf71f75000-7fbf71f79000 r--s 0001d000 08:02 2754752                    /home/mairiedeparis/.m2/repository/org/apache/xbean/xbean-reflect/3.4/xbean-reflect-3.4.jar
7fbf71f79000-7fbf71f7b000 r--s 00007000 08:02 3279432                    /home/mairiedeparis/.m2/repository/org/codehaus/plexus/plexus-interpolation/1.1/plexus-interpolation-1.1.jar
7fbf71f7b000-7fbf71f80000 r--s 00039000 08:02 3149162                    /home/mairiedeparis/.m2/repository/org/codehaus/plexus/plexus-utils/1.5.6/plexus-utils-1.5.6.jar
7fbf71f80000-7fbf71f81000 r--s 0000a000 08:02 3149054                    /home/mairiedeparis/.m2/repository/asm/asm/3.3.1/asm-3.3.1.jar
7fbf71f81000-7fbf71f87000 r--s 0002c000 08:02 3279426                    /home/mairiedeparis/.m2/repository/org/eclipse/sisu/org.eclipse.sisu.inject/0.0.0.M2a/org.eclipse.sisu.inject-0.0.0.M2a.jar
7fbf71f87000-7fbf71f8f000 r--s 00050000 08:02 3279424                    /home/mairiedeparis/.m2/repository/org/sonatype/sisu/sisu-guice/3.1.0/sisu-guice-3.1.0-no_aop.jar
7fbf71f8f000-7fbf71f92000 r--s 00006000 08:02 3279422                    /home/mairiedeparis/.m2/repository/com/google/code/findbugs/jsr305/1.3.9/jsr305-1.3.9.jar
7fbf71f92000-7fbf71fb0000 r--s 00151000 08:02 3279418                    /home/mairiedeparis/.m2/repository/com/google/guava/guava/10.0.1/guava-10.0.1.jar
7fbf71fb0000-7fbf71fb3000 r--s 00013000 08:02 3147238                    /home/mairiedeparis/.m2/repository/com/mycila/license-maven-plugin/3.0/license-maven-plugin-3.0.jar
7fbf71fb3000-7fbf71fb7000 r--s 0001c000 08:02 1838829                    /home/mairiedeparis/.m2/repository/org/jacoco/org.jacoco.report/0.7.9/org.jacoco.report-0.7.9.jar
7fbf71fb7000-7fbf71fbc000 r--s 0005a000 08:02 4064226                    /home/mairiedeparis/.m2/repository/org/ow2/asm/asm-debug-all/5.2/asm-debug-all-5.2.jar
7fbf71fbc000-7fbf71fc0000 r--s 0001b000 08:02 1838827                    /home/mairiedeparis/.m2/repository/org/jacoco/org.jacoco.core/0.7.9/org.jacoco.core-0.7.9.jar
7fbf71fc0000-7fbf71fc6000 r--s 0003a000 08:02 1838825                    /home/mairiedeparis/.m2/repository/org/jacoco/org.jacoco.agent/0.7.9/org.jacoco.agent-0.7.9-runtime.jar
7fbf71fc6000-7fbf71fcb000 r--s 00016000 08:02 3281595                    /home/mairiedeparis/.m2/repository/xml-apis/xml-apis/1.0.b2/xml-apis-1.0.b2.jar
7fbf71fcb000-7fbf71fcd000 r--s 0000e000 08:02 1838823                    /home/mairiedeparis/.m2/repository/oro/oro/2.0.8/oro-2.0.8.jar
7fbf71fcd000-7fbf71fcf000 r--s 00008000 08:02 3150400                    /home/mairiedeparis/.m2/repository/commons-logging/commons-logging/1.0.4/commons-logging-1.0.4.jar
7fbf71fcf000-7fbf71fd3000 r--s 00026000 08:02 4064224                    /home/mairiedeparis/.m2/repository/commons-digester/commons-digester/1.6/commons-digester-1.6.jar
7fbf71fd3000-7fbf71fd8000 r--s 0002a000 08:02 3150398                    /home/mairiedeparis/.m2/repository/commons-beanutils/commons-beanutils/1.7.0/commons-beanutils-1.7.0.jar
7fbf71fd8000-7fbf71fdb000 r--s 00014000 08:02 1838821                    /home/mairiedeparis/.m2/repository/commons-validator/commons-validator/1.2.0/commons-validator-1.2.0.jar
7fbf71fdb000-7fbf71fe8000 r--s 0007f000 08:02 4064223                    /home/mairiedeparis/.m2/repository/commons-collections/commons-collections/3.2/commons-collections-3.2.jar
7fbf71fe8000-7fbf71ff0000 r--s 00058000 08:02 1838819                    /home/mairiedeparis/.m2/repository/org/apache/velocity/velocity/1.5/velocity-1.5.jar
7fbf71ff0000-7fbf71ff1000 r--s 00001000 08:02 2232168                    /home/mairiedeparis/.m2/repository/org/codehaus/plexus/plexus-velocity/1.1.7/plexus-velocity-1.1.7.jar
7fbf71ff1000-7fbf71ff2000 r--s 00002000 08:02 2232166                    /home/mairiedeparis/.m2/repository/org/codehaus/plexus/plexus-i18n/1.0-beta-7/plexus-i18n-1.0-beta-7.jar
7fbf71ff2000-7fbf71ff4000 r--s 00008000 08:02 4064220                    /home/mairiedeparis/.m2/repository/org/apache/maven/doxia/doxia-module-fml/1.1.2/doxia-module-fml-1.1.2.jar
7fbf71ff4000-7fbf71ff5000 r--s 00003000 08:02 4064218                    /home/mairiedeparis/.m2/repository/org/apache/maven/doxia/doxia-module-xhtml/1.1.2/doxia-module-xhtml-1.1.2.jar
7fbf71ff5000-7fbf71ff7000 r--s 0000b000 08:02 4064216                    /home/mairiedeparis/.m2/repository/org/apache/maven/doxia/doxia-decoration-model/1.1.2/doxia-decoration-model-1.1.2.jar
7fbf71ff7000-7fbf71ff9000 r--s 0000b000 08:02 4064214                    /home/mairiedeparis/.m2/repository/org/apache/maven/doxia/doxia-site-renderer/1.1.2/doxia-site-renderer-1.1.2.jar
7fbf71ff9000-7fbf71ffb000 r--s 00006000 08:02 3149058                    /home/mairiedeparis/.m2/repository/commons-codec/commons-codec/1.2/commons-codec-1.2.jar
7fbf71ffb000-7fbf72001000 r--s 00045000 08:02 3149056                    /home/mairiedeparis/.m2/repository/commons-httpclient/commons-httpclient/3.1/commons-httpclient-3.1.jar
7fbf72001000-7fbf72005000 r--s 0003c000 08:02 4064212                    /home/mairiedeparis/.m2/repository/commons-lang/commons-lang/2.4/commons-lang-2.4.jar
7fbf72005000-7fbf7201c000 r--s 00112000 08:02 3281593                    /home/mairiedeparis/.m2/repository/xerces/xercesImpl/2.8.1/xercesImpl-2.8.1.jar
7fbf7201c000-7fbf72020000 r--s 00023000 08:02 4064210                    /home/mairiedeparis/.m2/repository/org/apache/maven/doxia/doxia-core/1.1.2/doxia-core-1.1.2.jar
7fbf72020000-7fbf72022000 r--s 00003000 08:02 4064208                    /home/mairiedeparis/.m2/repository/org/apache/maven/reporting/maven-reporting-impl/2.1/maven-reporting-impl-2.1.jar
7fbf72022000-7fbf72023000 r--s 00002000 08:02 3015452                    /home/mairiedeparis/.m2/repository/org/apache/maven/doxia/doxia-logging-api/1.1/doxia-logging-api-1.1.jar
7fbf72023000-7fbf72025000 r--s 00002000 08:02 3015450                    /home/mairiedeparis/.m2/repository/org/apache/maven/doxia/doxia-sink-api/1.1/doxia-sink-api-1.1.jar
7fbf72025000-7fbf72026000 r--s 00002000 08:02 3015448                    /home/mairiedeparis/.m2/repository/org/apache/maven/reporting/maven-reporting-api/2.2.1/maven-reporting-api-2.2.1.jar
7fbf72026000-7fbf7202a000 r--s 00038000 08:02 3281591                    /home/mairiedeparis/.m2/repository/org/codehaus/plexus/plexus-utils/3.0.22/plexus-utils-3.0.22.jar
7fbf7202a000-7fbf72030000 r--s 00034000 08:02 2232164                    /home/mairiedeparis/.m2/repository/junit/junit/4.8.2/junit-4.8.2.jar
7fbf72030000-7fbf72032000 r--s 0000b000 08:02 3015432                    /home/mairiedeparis/.m2/repository/org/codehaus/plexus/plexus-interpolation/1.11/plexus-interpolation-1.11.jar
7fbf72032000-7fbf72034000 r--s 0000a000 08:02 1838772                    /home/mairiedeparis/.m2/repository/org/jacoco/jacoco-maven-plugin/0.7.9/jacoco-maven-plugin-0.7.9.jar
7fbf72034000-7fbf72038000 r--s 0002a000 08:02 3149201                    /home/mairiedeparis/.m2/repository/commons-io/commons-io/2.4/commons-io-2.4.jar
7fbf72038000-7fbf7203b000 r--s 00023000 08:02 3279159                    /home/mairiedeparis/.m2/repository/org/apache/maven/shared/maven-shared-utils/3.0.0/maven-shared-utils-3.0.0.jar
7fbf7203b000-7fbf72046000 r--s 00069000 08:02 3279157                    /home/mairiedeparis/.m2/repository/org/sonatype/sisu/sisu-guice/2.1.7/sisu-guice-2.1.7-noaop.jar
7fbf72046000-7fbf7204b000 r--s 00021000 08:02 3279155                    /home/mairiedeparis/.m2/repository/org/sonatype/sisu/sisu-inject-bean/1.4.2/sisu-inject-bean-1.4.2.jar
7fbf7204b000-7fbf7204f000 r--s 00033000 08:02 3279147                    /home/mairiedeparis/.m2/repository/org/codehaus/plexus/plexus-utils/2.0.4/plexus-utils-2.0.4.jar
7fbf7204f000-7fbf72051000 r--s 00006000 08:02 3147216                    /home/mairiedeparis/.m2/repository/org/apache/maven/plugins/maven-clean-plugin/3.0.0/maven-clean-plugin-3.0.0.jar
7fbf72051000-7fbf72251000 rw-p 00000000 00:00 0 
7fbf72251000-7fbf72254000 r--s 00018000 08:02 3147139                    /home/mairiedeparis/.m2/repository/commons-io/commons-io/1.4/commons-io-1.4.jar
7fbf72254000-7fbf72256000 r--s 00008000 08:02 3147137                    /home/mairiedeparis/.m2/repository/org/apache/maven/shared/maven-shared-io/1.1/maven-shared-io-1.1.jar
7fbf72256000-7fbf72258000 r--s 00008000 08:02 3147135                    /home/mairiedeparis/.m2/repository/org/apache/maven/shared/file-management/1.2.1/file-management-1.2.1.jar
7fbf72258000-7fbf7225a000 r--s 00006000 08:02 3015334                    /home/mairiedeparis/.m2/repository/com/google/code/findbugs/jsr305/2.0.1/jsr305-2.0.1.jar
7fbf7225a000-7fbf7225e000 r--s 00026000 08:02 3147133                    /home/mairiedeparis/.m2/repository/org/apache/maven/shared/maven-shared-utils/0.7/maven-shared-utils-0.7.jar
7fbf7225e000-7fbf7225f000 r--s 00005000 08:02 3147131                    /home/mairiedeparis/.m2/repository/org/apache/maven/maven-archiver/2.6/maven-archiver-2.6.jar
7fbf7225f000-7fbf72262000 r--s 00012000 08:02 3147129                    /home/mairiedeparis/.m2/repository/org/codehaus/plexus/plexus-io/2.6/plexus-io-2.6.jar
7fbf72262000-7fbf7226a000 r--s 00054000 08:02 3147128                    /home/mairiedeparis/.m2/repository/org/codehaus/plexus/plexus-archiver/2.10.2/plexus-archiver-2.10.2.jar
7fbf7226a000-7fbf7226c000 r--s 00000000 08:02 3015338                    /home/mairiedeparis/.m2/repository/org/codehaus/plexus/plexus-component-annotations/1.5.5/plexus-component-annotations-1.5.5.jar
7fbf7226c000-7fbf7226f000 r--s 0000d000 08:02 3147123                    /home/mairiedeparis/.m2/repository/org/codehaus/plexus/plexus-interpolation/1.21/plexus-interpolation-1.21.jar
7fbf7226f000-7fbf72271000 r--s 00002000 08:02 3015465                    /home/mairiedeparis/.m2/repository/org/sonatype/plexus/plexus-cipher/1.4/plexus-cipher-1.4.jar
7fbf72271000-7fbf72272000 r--s 00006000 08:02 3015462                    /home/mairiedeparis/.m2/repository/org/sonatype/plexus/plexus-sec-dispatcher/1.3/plexus-sec-dispatcher-1.3.jar
7fbf72272000-7fbf7229d000 r--s 001f5000 08:02 3147121                    /home/mairiedeparis/.m2/repository/com/google/guava/guava/16.0.1/guava-16.0.1.jar
7fbf7229d000-7fbf7229f000 r--s 00000000 08:02 3147119                    /home/mairiedeparis/.m2/repository/aopalliance/aopalliance/1.0/aopalliance-1.0.jar
7fbf7229f000-7fbf722a8000 r--s 00059000 08:02 3147117                    /home/mairiedeparis/.m2/repository/org/sonatype/sisu/sisu-guice/3.2.3/sisu-guice-3.2.3-no_aop.jar
7fbf722a8000-7fbf722ac000 r--s 00020000 08:02 3147115                    /home/mairiedeparis/.m2/repository/org/eclipse/aether/aether-util/1.0.0.v20140518/aether-util-1.0.0.v20140518.jar
7fbf722ac000-7fbf722af000 r--s 0001b000 08:02 3014985                    /home/mairiedeparis/.m2/repository/junit/junit/3.8.1/junit-3.8.1.jar
7fbf722af000-7fbf722b3000 r--s 00034000 08:02 3147093                    /home/mairiedeparis/.m2/repository/org/codehaus/plexus/plexus-utils/3.0/plexus-utils-3.0.jar
7fbf722b3000-7fbf722bb000 r--s 00049000 08:02 3015442                    /home/mairiedeparis/.m2/repository/backport-util-concurrent/backport-util-concurrent/3.1/backport-util-concurrent-3.1.jar
7fbf722bb000-7fbf722bc000 r--s 00005000 08:02 3147091                    /home/mairiedeparis/.m2/repository/org/apache/maven/plugin-tools/maven-plugin-tools-api/3.2/maven-plugin-tools-api-3.2.jar
7fbf722bc000-7fbf722c3000 r--s 0004d000 08:02 3147089                    /home/mairiedeparis/.m2/repository/org/eclipse/sisu/org.eclipse.sisu.inject/0.3.0.M1/org.eclipse.sisu.inject-0.3.0.M1.jar
7fbf722c3000-7fbf722c6000 r--s 00008000 08:02 3147080                    /home/mairiedeparis/.m2/repository/javax/enterprise/cdi-api/1.0/cdi-api-1.0.jar
7fbf722c6000-7fbf722c8000 r--s 0000b000 08:02 1838860                    /home/mairiedeparis/.m2/repository/fr/paris/lutece/tools/lutece-maven-plugin/4.0.3/lutece-maven-plugin-4.0.3.jar
7fbf722c8000-7fbf722cb000 r--s 00027000 08:02 3146516                    /home/mairiedeparis/.m2/repository/org/codehaus/plexus/plexus-utils/1.1/plexus-utils-1.1.jar
7fbf722cb000-7fbf722cd000 r--s 0001a000 08:02 1838851                    /home/mairiedeparis/.m2/repository/fr/paris/lutece/tools/build-config/1.0.2-SNAPSHOT/build-config-1.0.2-SNAPSHOT.jar
7fbf722cd000-7fbf724cd000 rw-p 00000000 00:00 0 
7fbf724cd000-7fbf724de000 r-xp 00000000 08:02 7081473                    /usr/lib/jvm/java-8-openjdk-amd64/jre/lib/amd64/libnio.so
7fbf724de000-7fbf726dd000 ---p 00011000 08:02 7081473                    /usr/lib/jvm/java-8-openjdk-amd64/jre/lib/amd64/libnio.so
7fbf726dd000-7fbf726de000 r--p 00010000 08:02 7081473                    /usr/lib/jvm/java-8-openjdk-amd64/jre/lib/amd64/libnio.so
7fbf726de000-7fbf726df000 rw-p 00011000 08:02 7081473                    /usr/lib/jvm/java-8-openjdk-amd64/jre/lib/amd64/libnio.so
7fbf726df000-7fbf726f5000 r-xp 00000000 08:02 7081472                    /usr/lib/jvm/java-8-openjdk-amd64/jre/lib/amd64/libnet.so
7fbf726f5000-7fbf728f4000 ---p 00016000 08:02 7081472                    /usr/lib/jvm/java-8-openjdk-amd64/jre/lib/amd64/libnet.so
7fbf728f4000-7fbf728f5000 r--p 00015000 08:02 7081472                    /usr/lib/jvm/java-8-openjdk-amd64/jre/lib/amd64/libnet.so
7fbf728f5000-7fbf728f6000 rw-p 00016000 08:02 7081472                    /usr/lib/jvm/java-8-openjdk-amd64/jre/lib/amd64/libnet.so
7fbf728f6000-7fbf728fb000 r--s 000a3000 08:02 7081956                    /usr/lib/jvm/java-8-openjdk-amd64/jre/lib/jsse.jar
7fbf728fb000-7fbf72afb000 rw-p 00000000 00:00 0 
7fbf72afb000-7fbf72cfb000 rw-p 00000000 00:00 0 
7fbf72cfb000-7fbf72efb000 rw-p 00000000 00:00 0 
7fbf72efb000-7fbf72efc000 r--s 00001000 08:02 399163                     /usr/share/java/wagon-file.jar
7fbf72efc000-7fbf72efe000 r--s 00001000 08:02 398982                     /usr/share/java/aopalliance-1.0.jar
7fbf72efe000-7fbf72f2a000 r--s 00208000 08:02 398974                     /usr/share/java/guava.jar
7fbf72f2a000-7fbf72f2b000 ---p 00000000 00:00 0 
7fbf72f2b000-7fbf7302b000 rw-p 00000000 00:00 0 
7fbf7302b000-7fbf7302e000 ---p 00000000 00:00 0 
7fbf7302e000-7fbf7312c000 rw-p 00000000 00:00 0 
7fbf7312c000-7fbf7312d000 ---p 00000000 00:00 0 
7fbf7312d000-7fbf73130000 ---p 00000000 00:00 0 
7fbf73130000-7fbf7322d000 rw-p 00000000 00:00 0 
7fbf7322d000-7fbf7322e000 ---p 00000000 00:00 0 
7fbf7322e000-7fbf73231000 ---p 00000000 00:00 0 
7fbf73231000-7fbf7332e000 rw-p 00000000 00:00 0 
7fbf7332e000-7fbf73331000 ---p 00000000 00:00 0 
7fbf73331000-7fbf7342f000 rw-p 00000000 00:00 0 
7fbf7342f000-7fbf73dfe000 r--p 00000000 08:02 7084640                    /usr/lib/locale/locale-archive
7fbf73dfe000-7fbf73e01000 ---p 00000000 00:00 0 
7fbf73e01000-7fbf73eff000 rw-p 00000000 00:00 0 
7fbf73eff000-7fbf73f02000 ---p 00000000 00:00 0 
7fbf73f02000-7fbf74000000 rw-p 00000000 00:00 0 
7fbf74000000-7fbf74027000 rw-p 00000000 00:00 0 
7fbf74027000-7fbf78000000 ---p 00000000 00:00 0 
7fbf78000000-7fbf78021000 rw-p 00000000 00:00 0 
7fbf78021000-7fbf7c000000 ---p 00000000 00:00 0 
7fbf7c000000-7fbf7c021000 rw-p 00000000 00:00 0 
7fbf7c021000-7fbf80000000 ---p 00000000 00:00 0 
7fbf80000000-7fbf80003000 r--s 00011000 08:02 399078                     /usr/share/java/plexus-interpolation.jar
7fbf80003000-7fbf80006000 r--s 0000a000 08:02 399122                     /usr/share/java/maven3-artifact.jar
7fbf80006000-7fbf8000b000 r--s 00021000 08:02 399044                     /usr/share/java/maven-resolver-util.jar
7fbf8000b000-7fbf8000c000 r--s 0000a000 08:02 399133                     /usr/share/java/maven3-settings.jar
7fbf8000c000-7fbf80014000 r--s 00072000 08:02 398962                     /usr/share/java/commons-lang3.jar
7fbf80014000-7fbf8001a000 r--s 0002d000 08:02 399116                     /usr/share/java/sisu-plexus.jar
7fbf8001a000-7fbf8001b000 r--s 00003000 08:02 399062                     /usr/share/java/plexus-cipher.jar
7fbf8001b000-7fbf80029000 r--s 0009a000 08:02 398995                     /usr/share/java/guice.jar
7fbf80029000-7fbf8002b000 r--s 00003000 08:02 399088                     /usr/share/java/jcl-over-slf4j.jar
7fbf8002b000-7fbf8002f000 r--s 00027000 08:02 399038                     /usr/share/java/maven-resolver-impl.jar
7fbf8002f000-7fbf80031000 r--s 00006000 08:02 399083                     /usr/share/java/plexus-sec-dispatcher.jar
7fbf80031000-7fbf80033000 r--s 00001000 08:02 399123                     /usr/share/java/maven3-builder-support.jar
7fbf80033000-7fbf80036000 r--s 00007000 08:02 399132                     /usr/share/java/maven3-settings-builder.jar
7fbf80036000-7fbf80038000 r--s 00005000 08:02 399043                     /usr/share/java/maven-resolver-transport-wagon.jar
7fbf80038000-7fbf80039000 r--s 00006000 08:02 399130                     /usr/share/java/maven3-repository-metadata.jar
7fbf80039000-7fbf8003b000 r--s 00006000 08:02 399039                     /usr/share/java/maven-resolver-spi.jar
7fbf8003b000-7fbf8003d000 r--s 0000a000 08:02 398947                     /usr/share/java/commons-cli.jar
7fbf8003d000-7fbf8003f000 r--s 0000d000 08:02 399131                     /usr/share/java/maven3-resolver-provider.jar
7fbf8003f000-7fbf80040000 r--s 00001000 08:02 398935                     /usr/share/java/geronimo-interceptor-3.0-spec.jar
7fbf80040000-7fbf80041000 r--s 00000000 08:02 398929                     /usr/share/java/atinject-jsr330-api-1.0.jar
7fbf80041000-7fbf80044000 r--s 0000e000 08:02 398940                     /usr/share/java/cdi-api.jar
7fbf80044000-7fbf80046000 r--s 00009000 08:02 399091                     /usr/share/java/slf4j-api.jar
7fbf80046000-7fbf8004a000 r--s 0001f000 08:02 399036                     /usr/share/java/maven-resolver-api.jar
7fbf8004a000-7fbf8004e000 r--s 0003b000 08:02 399026                     /usr/share/java/plexus-utils2.jar
7fbf8004e000-7fbf80051000 r--s 00027000 08:02 399128                     /usr/share/java/maven3-model.jar
7fbf80051000-7fbf80053000 r--s 0000a000 08:02 399129                     /usr/share/java/maven3-plugin-api.jar
7fbf80053000-7fbf80080000 r--s 001ce000 08:02 399169                     /usr/share/java/wagon-http-shaded-3.0.0.jar
7fbf80080000-7fbf80081000 r--s 00000000 08:02 398929                     /usr/share/java/atinject-jsr330-api-1.0.jar
7fbf80081000-7fbf80086000 r--s 00030000 08:02 398956                     /usr/share/java/commons-io.jar
7fbf80086000-7fbf80088000 r--s 00000000 08:02 399072                     /usr/share/java/plexus-component-annotations.jar
7fbf80088000-7fbf8008d000 r--s 00025000 08:02 399127                     /usr/share/java/maven3-model-builder.jar
7fbf8008d000-7fbf8008f000 r--s 0000b000 08:02 399031                     /usr/share/java/wagon-provider-api.jar
7fbf8008f000-7fbf8009c000 r--s 0008b000 08:02 399125                     /usr/share/java/maven3-core.jar
7fbf8009c000-7fbf8009d000 r--s 00002000 08:02 398967                     /usr/share/java/geronimo-annotation-1.3-spec.jar
7fbf8009d000-7fbf800a0000 r--s 00024000 08:02 399057                     /usr/share/java/maven-shared-utils.jar
7fbf800a0000-7fbf800a1000 r--s 00004000 08:02 399134                     /usr/share/java/maven3-slf4j-provider.jar
7fbf800a1000-7fbf800a8000 r--s 00041000 08:02 399124                     /usr/share/java/maven3-compat.jar
7fbf800a8000-7fbf800aa000 r--s 00007000 08:02 399018                     /usr/share/java/jansi.jar
7fbf800aa000-7fbf800ac000 r--s 00008000 08:02 399037                     /usr/share/java/maven-resolver-connector-basic.jar
7fbf800ac000-7fbf800af000 r--s 00015000 08:02 399126                     /usr/share/java/maven3-embedder.jar
7fbf800af000-7fbf800b6000 r--s 00054000 08:02 399111                     /usr/share/java/sisu-inject.jar
7fbf800b6000-7fbf800b8000 r--s 0000b000 08:02 399067                     /usr/share/java/plexus-classworlds.jar
7fbf800b8000-7fbf800d3000 r--s 00394000 08:02 7081491                    /usr/lib/jvm/java-8-openjdk-amd64/jre/lib/ext/cldrdata.jar
7fbf800d3000-7fbf800d6000 r--s 0000f000 08:02 7081493                    /usr/lib/jvm/java-8-openjdk-amd64/jre/lib/ext/icedtea-sound.jar
7fbf800d6000-7fbf800d7000 r--s 00010000 08:02 7081502                    /usr/lib/jvm/java-8-openjdk-amd64/jre/lib/ext/zipfs.jar
7fbf800d7000-7fbf800d9000 r--s 00001000 08:02 7081492                    /usr/lib/jvm/java-8-openjdk-amd64/jre/lib/ext/dnsns.jar
7fbf800d9000-7fbf800f4000 r--s 001d6000 08:02 7081498                    /usr/lib/jvm/java-8-openjdk-amd64/jre/lib/ext/nashorn.jar
7fbf800f4000-7fbf800f9000 r--s 0003c000 08:02 7081500                    /usr/lib/jvm/java-8-openjdk-amd64/jre/lib/ext/sunjce_provider.jar
7fbf800f9000-7fbf800fa000 ---p 00000000 00:00 0 
7fbf800fa000-7fbf81000000 rw-p 00000000 00:00 0 
7fbf81000000-7fbf826c0000 rwxp 00000000 00:00 0 
7fbf826c0000-7fbf90000000 ---p 00000000 00:00 0 
7fbf90000000-7fbf91b2e000 rw-p 00000000 00:00 0 
7fbf91b2e000-7fbf94000000 ---p 00000000 00:00 0 
7fbf94000000-7fbf94001000 r--s 0000d000 08:02 7081499                    /usr/lib/jvm/java-8-openjdk-amd64/jre/lib/ext/sunec.jar
7fbf94001000-7fbf94004000 r--s 00039000 08:02 7081501                    /usr/lib/jvm/java-8-openjdk-amd64/jre/lib/ext/sunpkcs11.jar
7fbf94004000-7fbf9436a000 rw-p 00000000 00:00 0 
7fbf9436a000-7fbf9453a000 r--s 03c5c000 08:02 7081964                    /usr/lib/jvm/java-8-openjdk-amd64/jre/lib/rt.jar
7fbf9453a000-7fbf965b2000 rw-p 00000000 00:00 0 
7fbf965b2000-7fbf965b3000 ---p 00000000 00:00 0 
7fbf965b3000-7fbf966b3000 rw-p 00000000 00:00 0 
7fbf966b3000-7fbf966b4000 ---p 00000000 00:00 0 
7fbf966b4000-7fbf967d4000 rw-p 00000000 00:00 0 
7fbf967d4000-7fbf968f6000 ---p 00000000 00:00 0 
7fbf968f6000-7fbf96916000 rw-p 00000000 00:00 0 
7fbf96916000-7fbf96a37000 ---p 00000000 00:00 0 
7fbf96a37000-7fbf96ad8000 rw-p 00000000 00:00 0 
7fbf96ad8000-7fbf96b34000 rw-p 00000000 00:00 0 
7fbf96b34000-7fbf96e99000 ---p 00000000 00:00 0 
7fbf96e99000-7fbf96ea1000 r-xp 00000000 08:02 7081480                    /usr/lib/jvm/java-8-openjdk-amd64/jre/lib/amd64/libzip.so
7fbf96ea1000-7fbf970a0000 ---p 00008000 08:02 7081480                    /usr/lib/jvm/java-8-openjdk-amd64/jre/lib/amd64/libzip.so
7fbf970a0000-7fbf970a1000 r--p 00007000 08:02 7081480                    /usr/lib/jvm/java-8-openjdk-amd64/jre/lib/amd64/libzip.so
7fbf970a1000-7fbf970a2000 rw-p 00008000 08:02 7081480                    /usr/lib/jvm/java-8-openjdk-amd64/jre/lib/amd64/libzip.so
7fbf970a2000-7fbf970ad000 r-xp 00000000 08:02 1577832                    /lib/x86_64-linux-gnu/libnss_files-2.27.so
7fbf970ad000-7fbf972ac000 ---p 0000b000 08:02 1577832                    /lib/x86_64-linux-gnu/libnss_files-2.27.so
7fbf972ac000-7fbf972ad000 r--p 0000a000 08:02 1577832                    /lib/x86_64-linux-gnu/libnss_files-2.27.so
7fbf972ad000-7fbf972ae000 rw-p 0000b000 08:02 1577832                    /lib/x86_64-linux-gnu/libnss_files-2.27.so
7fbf972ae000-7fbf972b4000 rw-p 00000000 00:00 0 
7fbf972b4000-7fbf972cb000 r-xp 00000000 08:02 1577826                    /lib/x86_64-linux-gnu/libnsl-2.27.so
7fbf972cb000-7fbf974ca000 ---p 00017000 08:02 1577826                    /lib/x86_64-linux-gnu/libnsl-2.27.so
7fbf974ca000-7fbf974cb000 r--p 00016000 08:02 1577826                    /lib/x86_64-linux-gnu/libnsl-2.27.so
7fbf974cb000-7fbf974cc000 rw-p 00017000 08:02 1577826                    /lib/x86_64-linux-gnu/libnsl-2.27.so
7fbf974cc000-7fbf974ce000 rw-p 00000000 00:00 0 
7fbf974ce000-7fbf974d9000 r-xp 00000000 08:02 1577843                    /lib/x86_64-linux-gnu/libnss_nis-2.27.so
7fbf974d9000-7fbf976d8000 ---p 0000b000 08:02 1577843                    /lib/x86_64-linux-gnu/libnss_nis-2.27.so
7fbf976d8000-7fbf976d9000 r--p 0000a000 08:02 1577843                    /lib/x86_64-linux-gnu/libnss_nis-2.27.so
7fbf976d9000-7fbf976da000 rw-p 0000b000 08:02 1577843                    /lib/x86_64-linux-gnu/libnss_nis-2.27.so
7fbf976da000-7fbf976e2000 r-xp 00000000 08:02 1577828                    /lib/x86_64-linux-gnu/libnss_compat-2.27.so
7fbf976e2000-7fbf978e2000 ---p 00008000 08:02 1577828                    /lib/x86_64-linux-gnu/libnss_compat-2.27.so
7fbf978e2000-7fbf978e3000 r--p 00008000 08:02 1577828                    /lib/x86_64-linux-gnu/libnss_compat-2.27.so
7fbf978e3000-7fbf978e4000 rw-p 00009000 08:02 1577828                    /lib/x86_64-linux-gnu/libnss_compat-2.27.so
7fbf978e4000-7fbf9790e000 r-xp 00000000 08:02 7081423                    /usr/lib/jvm/java-8-openjdk-amd64/jre/lib/amd64/libjava.so
7fbf9790e000-7fbf97b0d000 ---p 0002a000 08:02 7081423                    /usr/lib/jvm/java-8-openjdk-amd64/jre/lib/amd64/libjava.so
7fbf97b0d000-7fbf97b0e000 r--p 00029000 08:02 7081423                    /usr/lib/jvm/java-8-openjdk-amd64/jre/lib/amd64/libjava.so
7fbf97b0e000-7fbf97b10000 rw-p 0002a000 08:02 7081423                    /usr/lib/jvm/java-8-openjdk-amd64/jre/lib/amd64/libjava.so
7fbf97b10000-7fbf97b20000 r-xp 00000000 08:02 7081479                    /usr/lib/jvm/java-8-openjdk-amd64/jre/lib/amd64/libverify.so
7fbf97b20000-7fbf97d1f000 ---p 00010000 08:02 7081479                    /usr/lib/jvm/java-8-openjdk-amd64/jre/lib/amd64/libverify.so
7fbf97d1f000-7fbf97d21000 r--p 0000f000 08:02 7081479                    /usr/lib/jvm/java-8-openjdk-amd64/jre/lib/amd64/libverify.so
7fbf97d21000-7fbf97d22000 rw-p 00011000 08:02 7081479                    /usr/lib/jvm/java-8-openjdk-amd64/jre/lib/amd64/libverify.so
7fbf97d22000-7fbf97d29000 r-xp 00000000 08:02 1577883                    /lib/x86_64-linux-gnu/librt-2.27.so
7fbf97d29000-7fbf97f28000 ---p 00007000 08:02 1577883                    /lib/x86_64-linux-gnu/librt-2.27.so
7fbf97f28000-7fbf97f29000 r--p 00006000 08:02 1577883                    /lib/x86_64-linux-gnu/librt-2.27.so
7fbf97f29000-7fbf97f2a000 rw-p 00007000 08:02 1577883                    /lib/x86_64-linux-gnu/librt-2.27.so
7fbf97f2a000-7fbf97f41000 r-xp 00000000 08:02 1574275                    /lib/x86_64-linux-gnu/libgcc_s.so.1
7fbf97f41000-7fbf98140000 ---p 00017000 08:02 1574275                    /lib/x86_64-linux-gnu/libgcc_s.so.1
7fbf98140000-7fbf98141000 r--p 00016000 08:02 1574275                    /lib/x86_64-linux-gnu/libgcc_s.so.1
7fbf98141000-7fbf98142000 rw-p 00017000 08:02 1574275                    /lib/x86_64-linux-gnu/libgcc_s.so.1
7fbf98142000-7fbf982df000 r-xp 00000000 08:02 1577805                    /lib/x86_64-linux-gnu/libm-2.27.so
7fbf982df000-7fbf984de000 ---p 0019d000 08:02 1577805                    /lib/x86_64-linux-gnu/libm-2.27.so
7fbf984de000-7fbf984df000 r--p 0019c000 08:02 1577805                    /lib/x86_64-linux-gnu/libm-2.27.so
7fbf984df000-7fbf984e0000 rw-p 0019d000 08:02 1577805                    /lib/x86_64-linux-gnu/libm-2.27.so
7fbf984e0000-7fbf98659000 r-xp 00000000 08:02 7078067                    /usr/lib/x86_64-linux-gnu/libstdc++.so.6.0.25
7fbf98659000-7fbf98859000 ---p 00179000 08:02 7078067                    /usr/lib/x86_64-linux-gnu/libstdc++.so.6.0.25
7fbf98859000-7fbf98863000 r--p 00179000 08:02 7078067                    /usr/lib/x86_64-linux-gnu/libstdc++.so.6.0.25
7fbf98863000-7fbf98865000 rw-p 00183000 08:02 7078067                    /usr/lib/x86_64-linux-gnu/libstdc++.so.6.0.25
7fbf98865000-7fbf98869000 rw-p 00000000 00:00 0 
7fbf98869000-7fbf99508000 r-xp 00000000 08:02 7081482                    /usr/lib/jvm/java-8-openjdk-amd64/jre/lib/amd64/server/libjvm.so
7fbf99508000-7fbf99708000 ---p 00c9f000 08:02 7081482                    /usr/lib/jvm/java-8-openjdk-amd64/jre/lib/amd64/server/libjvm.so
7fbf99708000-7fbf9979c000 r--p 00c9f000 08:02 7081482                    /usr/lib/jvm/java-8-openjdk-amd64/jre/lib/amd64/server/libjvm.so
7fbf9979c000-7fbf997c5000 rw-p 00d33000 08:02 7081482                    /usr/lib/jvm/java-8-openjdk-amd64/jre/lib/amd64/server/libjvm.so
7fbf997c5000-7fbf997f5000 rw-p 00000000 00:00 0 
7fbf997f5000-7fbf9980f000 r-xp 00000000 08:02 1577875                    /lib/x86_64-linux-gnu/libpthread-2.27.so
7fbf9980f000-7fbf99a0e000 ---p 0001a000 08:02 1577875                    /lib/x86_64-linux-gnu/libpthread-2.27.so
7fbf99a0e000-7fbf99a0f000 r--p 00019000 08:02 1577875                    /lib/x86_64-linux-gnu/libpthread-2.27.so
7fbf99a0f000-7fbf99a10000 rw-p 0001a000 08:02 1577875                    /lib/x86_64-linux-gnu/libpthread-2.27.so
7fbf99a10000-7fbf99a14000 rw-p 00000000 00:00 0 
7fbf99a14000-7fbf99a17000 r-xp 00000000 08:02 1577765                    /lib/x86_64-linux-gnu/libdl-2.27.so
7fbf99a17000-7fbf99c16000 ---p 00003000 08:02 1577765                    /lib/x86_64-linux-gnu/libdl-2.27.so
7fbf99c16000-7fbf99c17000 r--p 00002000 08:02 1577765                    /lib/x86_64-linux-gnu/libdl-2.27.so
7fbf99c17000-7fbf99c18000 rw-p 00003000 08:02 1577765                    /lib/x86_64-linux-gnu/libdl-2.27.so
7fbf99c18000-7fbf99c34000 r-xp 00000000 08:02 1577914                    /lib/x86_64-linux-gnu/libz.so.1.2.11
7fbf99c34000-7fbf99e33000 ---p 0001c000 08:02 1577914                    /lib/x86_64-linux-gnu/libz.so.1.2.11
7fbf99e33000-7fbf99e34000 r--p 0001b000 08:02 1577914                    /lib/x86_64-linux-gnu/libz.so.1.2.11
7fbf99e34000-7fbf99e35000 rw-p 0001c000 08:02 1577914                    /lib/x86_64-linux-gnu/libz.so.1.2.11
7fbf99e35000-7fbf9a01c000 r-xp 00000000 08:02 1577742                    /lib/x86_64-linux-gnu/libc-2.27.so
7fbf9a01c000-7fbf9a21c000 ---p 001e7000 08:02 1577742                    /lib/x86_64-linux-gnu/libc-2.27.so
7fbf9a21c000-7fbf9a220000 r--p 001e7000 08:02 1577742                    /lib/x86_64-linux-gnu/libc-2.27.so
7fbf9a220000-7fbf9a222000 rw-p 001eb000 08:02 1577742                    /lib/x86_64-linux-gnu/libc-2.27.so
7fbf9a222000-7fbf9a226000 rw-p 00000000 00:00 0 
7fbf9a226000-7fbf9a234000 r-xp 00000000 08:02 7081406                    /usr/lib/jvm/java-8-openjdk-amd64/jre/lib/amd64/jli/libjli.so
7fbf9a234000-7fbf9a433000 ---p 0000e000 08:02 7081406                    /usr/lib/jvm/java-8-openjdk-amd64/jre/lib/amd64/jli/libjli.so
7fbf9a433000-7fbf9a434000 r--p 0000d000 08:02 7081406                    /usr/lib/jvm/java-8-openjdk-amd64/jre/lib/amd64/jli/libjli.so
7fbf9a434000-7fbf9a435000 rw-p 0000e000 08:02 7081406                    /usr/lib/jvm/java-8-openjdk-amd64/jre/lib/amd64/jli/libjli.so
7fbf9a435000-7fbf9a45c000 r-xp 00000000 08:02 1577714                    /lib/x86_64-linux-gnu/ld-2.27.so
7fbf9a45c000-7fbf9a45e000 r--s 00007000 08:02 397686                     /usr/share/java/java-atk-wrapper.jar
7fbf9a45e000-7fbf9a542000 rw-p 00000000 00:00 0 
7fbf9a542000-7fbf9a543000 ---p 00000000 00:00 0 
7fbf9a543000-7fbf9a546000 ---p 00000000 00:00 0 
7fbf9a546000-7fbf9a645000 rw-p 00000000 00:00 0 
7fbf9a645000-7fbf9a646000 r--s 0000a000 08:02 7081496                    /usr/lib/jvm/java-8-openjdk-amd64/jre/lib/ext/jaccess.jar
7fbf9a646000-7fbf9a650000 r--s 00116000 08:02 7081497                    /usr/lib/jvm/java-8-openjdk-amd64/jre/lib/ext/localedata.jar
7fbf9a650000-7fbf9a658000 rw-s 00000000 08:02 3017430                    /tmp/hsperfdata_mairiedeparis/17129
7fbf9a658000-7fbf9a659000 rw-p 00000000 00:00 0 
7fbf9a659000-7fbf9a65a000 ---p 00000000 00:00 0 
7fbf9a65a000-7fbf9a65c000 rw-p 00000000 00:00 0 
7fbf9a65c000-7fbf9a65d000 r--p 00027000 08:02 1577714                    /lib/x86_64-linux-gnu/ld-2.27.so
7fbf9a65d000-7fbf9a65e000 rw-p 00028000 08:02 1577714                    /lib/x86_64-linux-gnu/ld-2.27.so
7fbf9a65e000-7fbf9a65f000 rw-p 00000000 00:00 0 
7fff757dd000-7fff757ff000 rw-p 00000000 00:00 0                          [stack]
7fff75858000-7fff7585b000 r--p 00000000 00:00 0                          [vvar]
7fff7585b000-7fff7585d000 r-xp 00000000 00:00 0                          [vdso]
ffffffffff600000-ffffffffff601000 r-xp 00000000 00:00 0                  [vsyscall]

VM Arguments:
jvm_args: -Dclassworlds.conf=/usr/share/maven/bin/m2.conf -Dmaven.home=/usr/share/maven -Dlibrary.jansi.path=/usr/share/maven/lib/jansi-native -Dmaven.multiModuleProjectDirectory=/home/mairiedeparis/java prog/NewIndexlutece/lutece-core 
java_command: org.codehaus.plexus.classworlds.launcher.Launcher clean lutece:exploded -f /home/mairiedeparis/java prog/NewIndexlutece/lutece-core/pom.xml
java_class_path (initial): /usr/share/maven/boot/plexus-classworlds-2.x.jar
Launcher Type: SUN_STANDARD

Environment Variables:
JAVA_HOME=/usr/lib/jvm/java-8-openjdk-amd64
PATH=/usr/local/sbin:/usr/local/bin:/usr/sbin:/usr/bin:/sbin:/bin:/usr/games:/usr/local/games:/snap/bin
USERNAME=mairiedeparis
SHELL=/bin/bash
DISPLAY=:0

Signal Handlers:
SIGSEGV: [libjvm.so+0xab92f0], sa_mask[0]=11111111011111111101111111111110, sa_flags=SA_RESTART|SA_SIGINFO
SIGBUS: [libjvm.so+0xab92f0], sa_mask[0]=11111111011111111101111111111110, sa_flags=SA_RESTART|SA_SIGINFO
SIGFPE: [libjvm.so+0x8ee560], sa_mask[0]=11111111011111111101111111111110, sa_flags=SA_RESTART|SA_SIGINFO
SIGPIPE: [libjvm.so+0x8ee560], sa_mask[0]=11111111011111111101111111111110, sa_flags=SA_RESTART|SA_SIGINFO
SIGXFSZ: [libjvm.so+0x8ee560], sa_mask[0]=11111111011111111101111111111110, sa_flags=SA_RESTART|SA_SIGINFO
SIGILL: [libjvm.so+0x8ee560], sa_mask[0]=11111111011111111101111111111110, sa_flags=SA_RESTART|SA_SIGINFO
SIGUSR1: SIG_DFL, sa_mask[0]=00000000000000000000000000000000, sa_flags=none
SIGUSR2: [libjvm.so+0x8ee410], sa_mask[0]=00000000000000000000000000000000, sa_flags=SA_RESTART|SA_SIGINFO
SIGHUP: [libjvm.so+0x8eea80], sa_mask[0]=11111111011111111101111111111110, sa_flags=SA_RESTART|SA_SIGINFO
SIGINT: [libjvm.so+0x8eea80], sa_mask[0]=11111111011111111101111111111110, sa_flags=SA_RESTART|SA_SIGINFO
SIGTERM: [libjvm.so+0x8eea80], sa_mask[0]=11111111011111111101111111111110, sa_flags=SA_RESTART|SA_SIGINFO
SIGQUIT: [libjvm.so+0x8eea80], sa_mask[0]=11111111011111111101111111111110, sa_flags=SA_RESTART|SA_SIGINFO


---------------  S Y S T E M  ---------------

OS:DISTRIB_ID=Ubuntu
DISTRIB_RELEASE=18.04
DISTRIB_CODENAME=bionic
DISTRIB_DESCRIPTION="Ubuntu 18.04.2 LTS"

uname:Linux 4.15.0-55-generic #60-Ubuntu SMP Tue Jul 2 18:22:20 UTC 2019 x86_64
libc:glibc 2.27 NPTL 2.27 
rlimit: STACK 8192k, CORE 0k, NPROC 14295, NOFILE 1048576, AS infinity
load average:8,63 2,97 2,17

/proc/meminfo:
MemTotal:        3944612 kB
MemFree:           92800 kB
MemAvailable:       5940 kB
Buffers:            1712 kB
Cached:           246308 kB
SwapCached:         3532 kB
Active:          2981984 kB
Inactive:         610528 kB
Active(anon):    2972052 kB
Inactive(anon):   594484 kB
Active(file):       9932 kB
Inactive(file):    16044 kB
Unevictable:          64 kB
Mlocked:              64 kB
SwapTotal:       2097148 kB
SwapFree:             36 kB
Dirty:                 4 kB
Writeback:           140 kB
AnonPages:       3343440 kB
Mapped:            90544 kB
Shmem:            221976 kB
Slab:              95020 kB
SReclaimable:      36808 kB
SUnreclaim:        58212 kB
KernelStack:       14864 kB
PageTables:        81564 kB
NFS_Unstable:          0 kB
Bounce:                0 kB
WritebackTmp:          0 kB
CommitLimit:     4069452 kB
Committed_AS:   14124196 kB
VmallocTotal:   34359738367 kB
VmallocUsed:           0 kB
VmallocChunk:          0 kB
HardwareCorrupted:     0 kB
AnonHugePages:         0 kB
ShmemHugePages:        0 kB
ShmemPmdMapped:        0 kB
CmaTotal:              0 kB
CmaFree:               0 kB
HugePages_Total:       0
HugePages_Free:        0
HugePages_Rsvd:        0
HugePages_Surp:        0
Hugepagesize:       2048 kB
DirectMap4k:      240396 kB
DirectMap2M:     3858432 kB
DirectMap1G:           0 kB

container (cgroup) information:
container_type: cgroupv1
cpu_cpuset_cpus: 0-1
cpu_memory_nodes: 0
active_processor_count: 2
cpu_quota: -1
cpu_period: 100000
cpu_shares: -1
memory_limit_in_bytes: -1
memory_and_swap_limit_in_bytes: -2
memory_soft_limit_in_bytes: -1
memory_usage_in_bytes: 3684835328
memory_max_usage_in_bytes: 5414912


CPU:total 2 (initial active 2) (2 cores per cpu, 1 threads per core) family 6 model 60 stepping 3, cmov, cx8, fxsr, mmx, sse, sse2, sse3, ssse3, sse4.1, sse4.2, popcnt, clmul, erms, lzcnt, tsc, tscinvbit

/proc/cpuinfo:
processor	: 0
vendor_id	: GenuineIntel
cpu family	: 6
model		: 60
model name	: Intel(R) Celeron(R) CPU G1820 @ 2.70GHz
stepping	: 3
microcode	: 0x27
cpu MHz		: 2694.011
cache size	: 2048 KB
physical id	: 0
siblings	: 2
core id		: 0
cpu cores	: 2
apicid		: 0
initial apicid	: 0
fpu		: yes
fpu_exception	: yes
cpuid level	: 13
wp		: yes
flags		: fpu vme de pse tsc msr pae mce cx8 apic sep mtrr pge mca cmov pat pse36 clflush dts acpi mmx fxsr sse sse2 ss ht tm pbe syscall nx pdpe1gb rdtscp lm constant_tsc arch_perfmon pebs bts rep_good nopl xtopology nonstop_tsc cpuid aperfmperf pni pclmulqdq dtes64 monitor ds_cpl vmx est tm2 ssse3 sdbg cx16 xtpr pdcm pcid sse4_1 sse4_2 movbe popcnt tsc_deadline_timer xsave rdrand lahf_lm abm cpuid_fault epb invpcid_single pti ssbd ibrs ibpb stibp tpr_shadow vnmi flexpriority ept vpid fsgsbase tsc_adjust erms invpcid xsaveopt dtherm arat pln pts md_clear flush_l1d
bugs		: cpu_meltdown spectre_v1 spectre_v2 spec_store_bypass l1tf mds
bogomips	: 5388.02
clflush size	: 64
cache_alignment	: 64
address sizes	: 39 bits physical, 48 bits virtual
power management:

processor	: 1
vendor_id	: GenuineIntel
cpu family	: 6
model		: 60
model name	: Intel(R) Celeron(R) CPU G1820 @ 2.70GHz
stepping	: 3
microcode	: 0x27
cpu MHz		: 2694.010
cache size	: 2048 KB
physical id	: 0
siblings	: 2
core id		: 1
cpu cores	: 2
apicid		: 2
initial apicid	: 2
fpu		: yes
fpu_exception	: yes
cpuid level	: 13
wp		: yes
flags		: fpu vme de pse tsc msr pae mce cx8 apic sep mtrr pge mca cmov pat pse36 clflush dts acpi mmx fxsr sse sse2 ss ht tm pbe syscall nx pdpe1gb rdtscp lm constant_tsc arch_perfmon pebs bts rep_good nopl xtopology nonstop_tsc cpuid aperfmperf pni pclmulqdq dtes64 monitor ds_cpl vmx est tm2 ssse3 sdbg cx16 xtpr pdcm pcid sse4_1 sse4_2 movbe popcnt tsc_deadline_timer xsave rdrand lahf_lm abm cpuid_fault epb invpcid_single pti ssbd ibrs ibpb stibp tpr_shadow vnmi flexpriority ept vpid fsgsbase tsc_adjust erms invpcid xsaveopt dtherm arat pln pts md_clear flush_l1d
bugs		: cpu_meltdown spectre_v1 spectre_v2 spec_store_bypass l1tf mds
bogomips	: 5388.02
clflush size	: 64
cache_alignment	: 64
address sizes	: 39 bits physical, 48 bits virtual
power management:



Memory: 4k page, physical 3944612k(92196k free), swap 2097148k(48k free)

vm_info: OpenJDK 64-Bit Server VM (25.222-b10) for linux-amd64 JRE (1.8.0_222-8u222-b10-1ubuntu1~18.04.1-b10), built on Jul 18 2019 18:52:48 by "buildd" with gcc 7.4.0

time: Mon Aug  5 16:38:04 2019
timezone: CEST
elapsed time: 33 seconds (0d 0h 0m 33s)

